[2024-07-03T18:10:41.720+0000] {local_task_job_runner.py:120} INFO - ::group::Pre task execution logs
[2024-07-03T18:10:41.735+0000] {taskinstance.py:2076} INFO - Dependencies all met for dep_context=non-requeueable deps ti=<TaskInstance: csv_to_postgres3.load_csvs_to_postgres manual__2024-07-03T18:10:40.051085+00:00 [queued]>
[2024-07-03T18:10:41.741+0000] {taskinstance.py:2076} INFO - Dependencies all met for dep_context=requeueable deps ti=<TaskInstance: csv_to_postgres3.load_csvs_to_postgres manual__2024-07-03T18:10:40.051085+00:00 [queued]>
[2024-07-03T18:10:41.741+0000] {taskinstance.py:2306} INFO - Starting attempt 1 of 1
[2024-07-03T18:10:41.753+0000] {taskinstance.py:2330} INFO - Executing <Task(PythonOperator): load_csvs_to_postgres> on 2024-07-03 18:10:40.051085+00:00
[2024-07-03T18:10:41.758+0000] {warnings.py:112} WARNING - /home/***/.local/lib/python3.12/site-packages/***/task/task_runner/standard_task_runner.py:61: DeprecationWarning: This process (pid=246) is multi-threaded, use of fork() may lead to deadlocks in the child.
  pid = os.fork()

[2024-07-03T18:10:41.759+0000] {standard_task_runner.py:63} INFO - Started process 248 to run task
[2024-07-03T18:10:41.760+0000] {standard_task_runner.py:90} INFO - Running: ['***', 'tasks', 'run', 'csv_to_postgres3', 'load_csvs_to_postgres', 'manual__2024-07-03T18:10:40.051085+00:00', '--job-id', '75', '--raw', '--subdir', 'DAGS_FOLDER/csv_to_postgres3.py', '--cfg-path', '/tmp/tmpyd9i6gwi']
[2024-07-03T18:10:41.764+0000] {standard_task_runner.py:91} INFO - Job 75: Subtask load_csvs_to_postgres
[2024-07-03T18:10:41.835+0000] {task_command.py:426} INFO - Running <TaskInstance: csv_to_postgres3.load_csvs_to_postgres manual__2024-07-03T18:10:40.051085+00:00 [running]> on host 9dffc1d7579f
[2024-07-03T18:10:42.019+0000] {taskinstance.py:2648} INFO - Exporting env vars: AIRFLOW_CTX_DAG_OWNER='***' AIRFLOW_CTX_DAG_ID='csv_to_postgres3' AIRFLOW_CTX_TASK_ID='load_csvs_to_postgres' AIRFLOW_CTX_EXECUTION_DATE='2024-07-03T18:10:40.051085+00:00' AIRFLOW_CTX_TRY_NUMBER='1' AIRFLOW_CTX_DAG_RUN_ID='manual__2024-07-03T18:10:40.051085+00:00'
[2024-07-03T18:10:42.022+0000] {taskinstance.py:430} INFO - ::endgroup::
[2024-07-03T18:10:42.065+0000] {base.py:84} INFO - Using connection ID 'postgres_destino' for task execution.
[2024-07-03T18:10:42.085+0000] {sql.py:487} INFO - Running statement: TRUNCATE TABLE employee_territories, parameters: None
[2024-07-03T18:10:42.122+0000] {base.py:84} INFO - Using connection ID 'postgres_destino' for task execution.
[2024-07-03T18:10:42.157+0000] {base.py:84} INFO - Using connection ID 'postgres_destino' for task execution.
[2024-07-03T18:10:42.177+0000] {sql.py:487} INFO - Running statement: TRUNCATE TABLE orders, parameters: None
[2024-07-03T18:10:42.222+0000] {base.py:84} INFO - Using connection ID 'postgres_destino' for task execution.
[2024-07-03T18:10:42.267+0000] {base.py:84} INFO - Using connection ID 'postgres_destino' for task execution.
[2024-07-03T18:10:42.281+0000] {sql.py:487} INFO - Running statement: TRUNCATE TABLE order_details, parameters: None
[2024-07-03T18:10:42.317+0000] {base.py:84} INFO - Using connection ID 'postgres_destino' for task execution.
[2024-07-03T18:10:42.355+0000] {base.py:84} INFO - Using connection ID 'postgres_destino' for task execution.
[2024-07-03T18:10:42.371+0000] {sql.py:487} INFO - Running statement: TRUNCATE TABLE customers, parameters: None
[2024-07-03T18:10:42.401+0000] {base.py:84} INFO - Using connection ID 'postgres_destino' for task execution.
[2024-07-03T18:10:42.436+0000] {base.py:84} INFO - Using connection ID 'postgres_destino' for task execution.
[2024-07-03T18:10:42.452+0000] {sql.py:487} INFO - Running statement: TRUNCATE TABLE products, parameters: None
[2024-07-03T18:10:42.478+0000] {base.py:84} INFO - Using connection ID 'postgres_destino' for task execution.
[2024-07-03T18:10:42.513+0000] {base.py:84} INFO - Using connection ID 'postgres_destino' for task execution.
[2024-07-03T18:10:42.529+0000] {sql.py:487} INFO - Running statement: TRUNCATE TABLE shippers, parameters: None
[2024-07-03T18:10:42.553+0000] {base.py:84} INFO - Using connection ID 'postgres_destino' for task execution.
[2024-07-03T18:10:42.585+0000] {base.py:84} INFO - Using connection ID 'postgres_destino' for task execution.
[2024-07-03T18:10:42.602+0000] {sql.py:487} INFO - Running statement: TRUNCATE TABLE suppliers, parameters: None
[2024-07-03T18:10:42.640+0000] {base.py:84} INFO - Using connection ID 'postgres_destino' for task execution.
[2024-07-03T18:10:42.678+0000] {base.py:84} INFO - Using connection ID 'postgres_destino' for task execution.
[2024-07-03T18:10:42.693+0000] {sql.py:487} INFO - Running statement: TRUNCATE TABLE territories, parameters: None
[2024-07-03T18:10:42.724+0000] {base.py:84} INFO - Using connection ID 'postgres_destino' for task execution.
[2024-07-03T18:10:42.759+0000] {base.py:84} INFO - Using connection ID 'postgres_destino' for task execution.
[2024-07-03T18:10:42.775+0000] {sql.py:487} INFO - Running statement: TRUNCATE TABLE us_states, parameters: None
[2024-07-03T18:10:42.800+0000] {base.py:84} INFO - Using connection ID 'postgres_destino' for task execution.
[2024-07-03T18:10:42.836+0000] {base.py:84} INFO - Using connection ID 'postgres_destino' for task execution.
[2024-07-03T18:10:42.853+0000] {sql.py:487} INFO - Running statement: TRUNCATE TABLE categories, parameters: None
[2024-07-03T18:10:42.888+0000] {base.py:84} INFO - Using connection ID 'postgres_destino' for task execution.
[2024-07-03T18:10:42.925+0000] {base.py:84} INFO - Using connection ID 'postgres_destino' for task execution.
[2024-07-03T18:10:42.939+0000] {sql.py:487} INFO - Running statement: TRUNCATE TABLE region, parameters: None
[2024-07-03T18:10:42.968+0000] {base.py:84} INFO - Using connection ID 'postgres_destino' for task execution.
[2024-07-03T18:10:43.000+0000] {base.py:84} INFO - Using connection ID 'postgres_destino' for task execution.
[2024-07-03T18:10:43.016+0000] {sql.py:487} INFO - Running statement: TRUNCATE TABLE employees, parameters: None
[2024-07-03T18:10:43.045+0000] {base.py:84} INFO - Using connection ID 'postgres_destino' for task execution.
[2024-07-03T18:10:43.067+0000] {taskinstance.py:441} INFO - ::group::Post task execution logs
[2024-07-03T18:10:43.068+0000] {taskinstance.py:2905} ERROR - Task failed with exception
Traceback (most recent call last):
  File "/home/airflow/.local/lib/python3.12/site-packages/airflow/models/taskinstance.py", line 465, in _execute_task
    result = _execute_callable(context=context, **execute_callable_kwargs)
             ^^^^^^^^^^^^^^^^^^^^^^^^^^^^^^^^^^^^^^^^^^^^^^^^^^^^^^^^^^^^^
  File "/home/airflow/.local/lib/python3.12/site-packages/airflow/models/taskinstance.py", line 432, in _execute_callable
    return execute_callable(context=context, **execute_callable_kwargs)
           ^^^^^^^^^^^^^^^^^^^^^^^^^^^^^^^^^^^^^^^^^^^^^^^^^^^^^^^^^^^^
  File "/home/airflow/.local/lib/python3.12/site-packages/airflow/models/baseoperator.py", line 401, in wrapper
    return func(self, *args, **kwargs)
           ^^^^^^^^^^^^^^^^^^^^^^^^^^^
  File "/home/airflow/.local/lib/python3.12/site-packages/airflow/operators/python.py", line 235, in execute
    return_value = self.execute_callable()
                   ^^^^^^^^^^^^^^^^^^^^^^^
  File "/home/airflow/.local/lib/python3.12/site-packages/airflow/operators/python.py", line 252, in execute_callable
    return self.python_callable(*self.op_args, **self.op_kwargs)
           ^^^^^^^^^^^^^^^^^^^^^^^^^^^^^^^^^^^^^^^^^^^^^^^^^^^^^
  File "/opt/airflow/dags/csv_to_postgres3.py", line 50, in load_csvs_to_postgres
    cursor.copy_expert(f"COPY {table_name} FROM STDIN WITH CSV", csv_buffer)
psycopg2.errors.InvalidTextRepresentation: invalid input syntax for type smallint: "2.0"
CONTEXT:  COPY employees, line 1, column reports_to: "2.0"

[2024-07-03T18:10:43.088+0000] {taskinstance.py:1206} INFO - Marking task as FAILED. dag_id=csv_to_postgres3, task_id=load_csvs_to_postgres, run_id=manual__2024-07-03T18:10:40.051085+00:00, execution_date=20240703T181040, start_date=20240703T181041, end_date=20240703T181043
[2024-07-03T18:10:43.126+0000] {standard_task_runner.py:110} ERROR - Failed to execute job 75 for task load_csvs_to_postgres (invalid input syntax for type smallint: "2.0"
CONTEXT:  COPY employees, line 1, column reports_to: "2.0"
; 248)
[2024-07-03T18:10:43.168+0000] {local_task_job_runner.py:240} INFO - Task exited with return code 1
[2024-07-03T18:10:43.203+0000] {taskinstance.py:3503} INFO - 0 downstream tasks scheduled from follow-on schedule check
[2024-07-03T18:10:43.206+0000] {local_task_job_runner.py:222} INFO - ::endgroup::
