[2024-07-03T18:30:18.690+0000] {local_task_job_runner.py:120} INFO - ::group::Pre task execution logs
[2024-07-03T18:30:18.709+0000] {taskinstance.py:2076} INFO - Dependencies all met for dep_context=non-requeueable deps ti=<TaskInstance: csv_to_postgres.load_csvs_to_postgres manual__2024-07-03T18:30:16.627984+00:00 [queued]>
[2024-07-03T18:30:18.716+0000] {taskinstance.py:2076} INFO - Dependencies all met for dep_context=requeueable deps ti=<TaskInstance: csv_to_postgres.load_csvs_to_postgres manual__2024-07-03T18:30:16.627984+00:00 [queued]>
[2024-07-03T18:30:18.716+0000] {taskinstance.py:2306} INFO - Starting attempt 1 of 1
[2024-07-03T18:30:18.729+0000] {taskinstance.py:2330} INFO - Executing <Task(PythonOperator): load_csvs_to_postgres> on 2024-07-03 18:30:16.627984+00:00
[2024-07-03T18:30:18.734+0000] {warnings.py:112} WARNING - /home/***/.local/lib/python3.12/site-packages/***/task/task_runner/standard_task_runner.py:61: DeprecationWarning: This process (pid=142) is multi-threaded, use of fork() may lead to deadlocks in the child.
  pid = os.fork()

[2024-07-03T18:30:18.735+0000] {standard_task_runner.py:63} INFO - Started process 144 to run task
[2024-07-03T18:30:18.737+0000] {standard_task_runner.py:90} INFO - Running: ['***', 'tasks', 'run', 'csv_to_postgres', 'load_csvs_to_postgres', 'manual__2024-07-03T18:30:16.627984+00:00', '--job-id', '81', '--raw', '--subdir', 'DAGS_FOLDER/csv_to_postgres.py', '--cfg-path', '/tmp/tmp0ybz6uy0']
[2024-07-03T18:30:18.739+0000] {standard_task_runner.py:91} INFO - Job 81: Subtask load_csvs_to_postgres
[2024-07-03T18:30:18.808+0000] {task_command.py:426} INFO - Running <TaskInstance: csv_to_postgres.load_csvs_to_postgres manual__2024-07-03T18:30:16.627984+00:00 [running]> on host 9dffc1d7579f
[2024-07-03T18:30:18.957+0000] {taskinstance.py:2648} INFO - Exporting env vars: AIRFLOW_CTX_DAG_OWNER='***' AIRFLOW_CTX_DAG_ID='csv_to_postgres' AIRFLOW_CTX_TASK_ID='load_csvs_to_postgres' AIRFLOW_CTX_EXECUTION_DATE='2024-07-03T18:30:16.627984+00:00' AIRFLOW_CTX_TRY_NUMBER='1' AIRFLOW_CTX_DAG_RUN_ID='manual__2024-07-03T18:30:16.627984+00:00'
[2024-07-03T18:30:18.959+0000] {taskinstance.py:430} INFO - ::endgroup::
[2024-07-03T18:30:19.028+0000] {base.py:84} INFO - Using connection ID 'postgres_destino' for task execution.
[2024-07-03T18:30:19.047+0000] {sql.py:487} INFO - Running statement: TRUNCATE TABLE employee_territories, parameters: None
[2024-07-03T18:30:19.093+0000] {base.py:84} INFO - Using connection ID 'postgres_destino' for task execution.
[2024-07-03T18:30:19.122+0000] {base.py:84} INFO - Using connection ID 'postgres_destino' for task execution.
[2024-07-03T18:30:19.134+0000] {sql.py:487} INFO - Running statement: TRUNCATE TABLE orders, parameters: None
[2024-07-03T18:30:19.186+0000] {base.py:84} INFO - Using connection ID 'postgres_destino' for task execution.
[2024-07-03T18:30:19.235+0000] {base.py:84} INFO - Using connection ID 'postgres_destino' for task execution.
[2024-07-03T18:30:19.254+0000] {sql.py:487} INFO - Running statement: TRUNCATE TABLE order_details, parameters: None
[2024-07-03T18:30:19.285+0000] {base.py:84} INFO - Using connection ID 'postgres_destino' for task execution.
[2024-07-03T18:30:19.328+0000] {base.py:84} INFO - Using connection ID 'postgres_destino' for task execution.
[2024-07-03T18:30:19.344+0000] {sql.py:487} INFO - Running statement: TRUNCATE TABLE customers, parameters: None
[2024-07-03T18:30:19.377+0000] {base.py:84} INFO - Using connection ID 'postgres_destino' for task execution.
[2024-07-03T18:30:19.411+0000] {base.py:84} INFO - Using connection ID 'postgres_destino' for task execution.
[2024-07-03T18:30:19.428+0000] {sql.py:487} INFO - Running statement: TRUNCATE TABLE products, parameters: None
[2024-07-03T18:30:19.453+0000] {base.py:84} INFO - Using connection ID 'postgres_destino' for task execution.
[2024-07-03T18:30:19.485+0000] {base.py:84} INFO - Using connection ID 'postgres_destino' for task execution.
[2024-07-03T18:30:19.501+0000] {sql.py:487} INFO - Running statement: TRUNCATE TABLE shippers, parameters: None
[2024-07-03T18:30:19.525+0000] {base.py:84} INFO - Using connection ID 'postgres_destino' for task execution.
[2024-07-03T18:30:19.564+0000] {base.py:84} INFO - Using connection ID 'postgres_destino' for task execution.
[2024-07-03T18:30:19.585+0000] {sql.py:487} INFO - Running statement: TRUNCATE TABLE suppliers, parameters: None
[2024-07-03T18:30:19.622+0000] {base.py:84} INFO - Using connection ID 'postgres_destino' for task execution.
[2024-07-03T18:30:19.664+0000] {base.py:84} INFO - Using connection ID 'postgres_destino' for task execution.
[2024-07-03T18:30:19.683+0000] {sql.py:487} INFO - Running statement: TRUNCATE TABLE territories, parameters: None
[2024-07-03T18:30:19.718+0000] {base.py:84} INFO - Using connection ID 'postgres_destino' for task execution.
[2024-07-03T18:30:19.755+0000] {base.py:84} INFO - Using connection ID 'postgres_destino' for task execution.
[2024-07-03T18:30:19.769+0000] {sql.py:487} INFO - Running statement: TRUNCATE TABLE us_states, parameters: None
[2024-07-03T18:30:19.796+0000] {base.py:84} INFO - Using connection ID 'postgres_destino' for task execution.
[2024-07-03T18:30:19.830+0000] {base.py:84} INFO - Using connection ID 'postgres_destino' for task execution.
[2024-07-03T18:30:19.846+0000] {sql.py:487} INFO - Running statement: TRUNCATE TABLE categories, parameters: None
[2024-07-03T18:30:19.873+0000] {base.py:84} INFO - Using connection ID 'postgres_destino' for task execution.
[2024-07-03T18:30:19.908+0000] {base.py:84} INFO - Using connection ID 'postgres_destino' for task execution.
[2024-07-03T18:30:19.923+0000] {sql.py:487} INFO - Running statement: TRUNCATE TABLE region, parameters: None
[2024-07-03T18:30:19.951+0000] {base.py:84} INFO - Using connection ID 'postgres_destino' for task execution.
[2024-07-03T18:30:20.000+0000] {base.py:84} INFO - Using connection ID 'postgres_destino' for task execution.
[2024-07-03T18:30:20.017+0000] {sql.py:487} INFO - Running statement: TRUNCATE TABLE employees, parameters: None
[2024-07-03T18:30:20.052+0000] {base.py:84} INFO - Using connection ID 'postgres_destino' for task execution.
[2024-07-03T18:30:20.078+0000] {python.py:237} INFO - Done. Returned value was: None
[2024-07-03T18:30:20.079+0000] {taskinstance.py:441} INFO - ::group::Post task execution logs
[2024-07-03T18:30:20.102+0000] {taskinstance.py:1206} INFO - Marking task as SUCCESS. dag_id=csv_to_postgres, task_id=load_csvs_to_postgres, run_id=manual__2024-07-03T18:30:16.627984+00:00, execution_date=20240703T183016, start_date=20240703T183018, end_date=20240703T183020
[2024-07-03T18:30:20.149+0000] {local_task_job_runner.py:240} INFO - Task exited with return code 0
[2024-07-03T18:30:20.187+0000] {taskinstance.py:3503} INFO - 0 downstream tasks scheduled from follow-on schedule check
[2024-07-03T18:30:20.190+0000] {local_task_job_runner.py:222} INFO - ::endgroup::
