[2024-07-03T17:56:35.662+0000] {processor.py:161} INFO - Started process (PID=34) to work on /opt/airflow/dags/csv_to_postgres3.py
[2024-07-03T17:56:35.663+0000] {processor.py:830} INFO - Processing file /opt/airflow/dags/csv_to_postgres3.py for tasks to queue
[2024-07-03T17:56:35.667+0000] {logging_mixin.py:188} INFO - [2024-07-03T17:56:35.667+0000] {dagbag.py:545} INFO - Filling up the DagBag from /opt/airflow/dags/csv_to_postgres3.py
[2024-07-03T17:56:36.032+0000] {processor.py:840} INFO - DAG(s) 'csv_to_postgres3' retrieved from /opt/airflow/dags/csv_to_postgres3.py
[2024-07-03T17:56:36.336+0000] {logging_mixin.py:188} INFO - [2024-07-03T17:56:36.336+0000] {override.py:1829} INFO - Created Permission View: can delete on DAG:csv_to_postgres3
[2024-07-03T17:56:36.351+0000] {logging_mixin.py:188} INFO - [2024-07-03T17:56:36.351+0000] {override.py:1829} INFO - Created Permission View: can edit on DAG:csv_to_postgres3
[2024-07-03T17:56:36.361+0000] {logging_mixin.py:188} INFO - [2024-07-03T17:56:36.360+0000] {override.py:1829} INFO - Created Permission View: can read on DAG:csv_to_postgres3
[2024-07-03T17:56:36.362+0000] {logging_mixin.py:188} INFO - [2024-07-03T17:56:36.361+0000] {dag.py:3096} INFO - Sync 1 DAGs
[2024-07-03T17:56:36.385+0000] {logging_mixin.py:188} INFO - [2024-07-03T17:56:36.384+0000] {dag.py:3118} INFO - Creating ORM DAG for csv_to_postgres3
[2024-07-03T17:56:36.395+0000] {logging_mixin.py:188} INFO - [2024-07-03T17:56:36.395+0000] {dag.py:3954} INFO - Setting next_dagrun for csv_to_postgres3 to None, run_after=None
[2024-07-03T17:56:36.424+0000] {processor.py:183} INFO - Processing /opt/airflow/dags/csv_to_postgres3.py took 0.771 seconds
[2024-07-03T17:57:06.735+0000] {processor.py:161} INFO - Started process (PID=46) to work on /opt/airflow/dags/csv_to_postgres3.py
[2024-07-03T17:57:06.736+0000] {processor.py:830} INFO - Processing file /opt/airflow/dags/csv_to_postgres3.py for tasks to queue
[2024-07-03T17:57:06.743+0000] {logging_mixin.py:188} INFO - [2024-07-03T17:57:06.739+0000] {dagbag.py:545} INFO - Filling up the DagBag from /opt/airflow/dags/csv_to_postgres3.py
[2024-07-03T17:57:07.934+0000] {processor.py:840} INFO - DAG(s) 'csv_to_postgres3' retrieved from /opt/airflow/dags/csv_to_postgres3.py
[2024-07-03T17:57:07.965+0000] {logging_mixin.py:188} INFO - [2024-07-03T17:57:07.964+0000] {dag.py:3096} INFO - Sync 1 DAGs
[2024-07-03T17:57:07.980+0000] {logging_mixin.py:188} INFO - [2024-07-03T17:57:07.980+0000] {dag.py:3954} INFO - Setting next_dagrun for csv_to_postgres3 to None, run_after=None
[2024-07-03T17:57:08.034+0000] {processor.py:183} INFO - Processing /opt/airflow/dags/csv_to_postgres3.py took 1.315 seconds
[2024-07-03T17:57:38.276+0000] {processor.py:161} INFO - Started process (PID=57) to work on /opt/airflow/dags/csv_to_postgres3.py
[2024-07-03T17:57:38.277+0000] {processor.py:830} INFO - Processing file /opt/airflow/dags/csv_to_postgres3.py for tasks to queue
[2024-07-03T17:57:38.280+0000] {logging_mixin.py:188} INFO - [2024-07-03T17:57:38.279+0000] {dagbag.py:545} INFO - Filling up the DagBag from /opt/airflow/dags/csv_to_postgres3.py
[2024-07-03T17:57:38.622+0000] {processor.py:840} INFO - DAG(s) 'csv_to_postgres3' retrieved from /opt/airflow/dags/csv_to_postgres3.py
[2024-07-03T17:57:38.640+0000] {logging_mixin.py:188} INFO - [2024-07-03T17:57:38.640+0000] {dag.py:3096} INFO - Sync 1 DAGs
[2024-07-03T17:57:38.653+0000] {logging_mixin.py:188} INFO - [2024-07-03T17:57:38.653+0000] {dag.py:3954} INFO - Setting next_dagrun for csv_to_postgres3 to None, run_after=None
[2024-07-03T17:57:38.671+0000] {processor.py:183} INFO - Processing /opt/airflow/dags/csv_to_postgres3.py took 0.402 seconds
[2024-07-03T17:58:08.920+0000] {processor.py:161} INFO - Started process (PID=69) to work on /opt/airflow/dags/csv_to_postgres3.py
[2024-07-03T17:58:08.923+0000] {processor.py:830} INFO - Processing file /opt/airflow/dags/csv_to_postgres3.py for tasks to queue
[2024-07-03T17:58:08.929+0000] {logging_mixin.py:188} INFO - [2024-07-03T17:58:08.928+0000] {dagbag.py:545} INFO - Filling up the DagBag from /opt/airflow/dags/csv_to_postgres3.py
[2024-07-03T17:58:09.284+0000] {processor.py:840} INFO - DAG(s) 'csv_to_postgres3' retrieved from /opt/airflow/dags/csv_to_postgres3.py
[2024-07-03T17:58:09.310+0000] {logging_mixin.py:188} INFO - [2024-07-03T17:58:09.309+0000] {dag.py:3096} INFO - Sync 1 DAGs
[2024-07-03T17:58:09.322+0000] {logging_mixin.py:188} INFO - [2024-07-03T17:58:09.322+0000] {dag.py:3954} INFO - Setting next_dagrun for csv_to_postgres3 to None, run_after=None
[2024-07-03T17:58:09.340+0000] {processor.py:183} INFO - Processing /opt/airflow/dags/csv_to_postgres3.py took 0.435 seconds
[2024-07-03T17:58:39.607+0000] {processor.py:161} INFO - Started process (PID=81) to work on /opt/airflow/dags/csv_to_postgres3.py
[2024-07-03T17:58:39.609+0000] {processor.py:830} INFO - Processing file /opt/airflow/dags/csv_to_postgres3.py for tasks to queue
[2024-07-03T17:58:39.613+0000] {logging_mixin.py:188} INFO - [2024-07-03T17:58:39.613+0000] {dagbag.py:545} INFO - Filling up the DagBag from /opt/airflow/dags/csv_to_postgres3.py
[2024-07-03T17:58:39.853+0000] {processor.py:840} INFO - DAG(s) 'csv_to_postgres3' retrieved from /opt/airflow/dags/csv_to_postgres3.py
[2024-07-03T17:58:40.005+0000] {logging_mixin.py:188} INFO - [2024-07-03T17:58:40.004+0000] {dag.py:3096} INFO - Sync 1 DAGs
[2024-07-03T17:58:40.012+0000] {logging_mixin.py:188} INFO - [2024-07-03T17:58:40.012+0000] {dag.py:3954} INFO - Setting next_dagrun for csv_to_postgres3 to None, run_after=None
[2024-07-03T17:58:40.029+0000] {processor.py:183} INFO - Processing /opt/airflow/dags/csv_to_postgres3.py took 0.437 seconds
[2024-07-03T17:59:10.373+0000] {processor.py:161} INFO - Started process (PID=93) to work on /opt/airflow/dags/csv_to_postgres3.py
[2024-07-03T17:59:10.377+0000] {processor.py:830} INFO - Processing file /opt/airflow/dags/csv_to_postgres3.py for tasks to queue
[2024-07-03T17:59:10.387+0000] {logging_mixin.py:188} INFO - [2024-07-03T17:59:10.385+0000] {dagbag.py:545} INFO - Filling up the DagBag from /opt/airflow/dags/csv_to_postgres3.py
[2024-07-03T17:59:10.819+0000] {processor.py:840} INFO - DAG(s) 'csv_to_postgres3' retrieved from /opt/airflow/dags/csv_to_postgres3.py
[2024-07-03T17:59:10.844+0000] {logging_mixin.py:188} INFO - [2024-07-03T17:59:10.843+0000] {dag.py:3096} INFO - Sync 1 DAGs
[2024-07-03T17:59:10.854+0000] {logging_mixin.py:188} INFO - [2024-07-03T17:59:10.854+0000] {dag.py:3954} INFO - Setting next_dagrun for csv_to_postgres3 to None, run_after=None
[2024-07-03T17:59:10.878+0000] {processor.py:183} INFO - Processing /opt/airflow/dags/csv_to_postgres3.py took 0.532 seconds
[2024-07-03T17:59:41.155+0000] {processor.py:161} INFO - Started process (PID=105) to work on /opt/airflow/dags/csv_to_postgres3.py
[2024-07-03T17:59:41.157+0000] {processor.py:830} INFO - Processing file /opt/airflow/dags/csv_to_postgres3.py for tasks to queue
[2024-07-03T17:59:41.163+0000] {logging_mixin.py:188} INFO - [2024-07-03T17:59:41.162+0000] {dagbag.py:545} INFO - Filling up the DagBag from /opt/airflow/dags/csv_to_postgres3.py
[2024-07-03T17:59:41.548+0000] {processor.py:840} INFO - DAG(s) 'csv_to_postgres3' retrieved from /opt/airflow/dags/csv_to_postgres3.py
[2024-07-03T17:59:41.573+0000] {logging_mixin.py:188} INFO - [2024-07-03T17:59:41.573+0000] {dag.py:3096} INFO - Sync 1 DAGs
[2024-07-03T17:59:41.584+0000] {logging_mixin.py:188} INFO - [2024-07-03T17:59:41.584+0000] {dag.py:3954} INFO - Setting next_dagrun for csv_to_postgres3 to None, run_after=None
[2024-07-03T17:59:41.605+0000] {processor.py:183} INFO - Processing /opt/airflow/dags/csv_to_postgres3.py took 0.466 seconds
[2024-07-03T18:00:11.911+0000] {processor.py:161} INFO - Started process (PID=117) to work on /opt/airflow/dags/csv_to_postgres3.py
[2024-07-03T18:00:11.913+0000] {processor.py:830} INFO - Processing file /opt/airflow/dags/csv_to_postgres3.py for tasks to queue
[2024-07-03T18:00:11.916+0000] {logging_mixin.py:188} INFO - [2024-07-03T18:00:11.916+0000] {dagbag.py:545} INFO - Filling up the DagBag from /opt/airflow/dags/csv_to_postgres3.py
[2024-07-03T18:00:12.262+0000] {processor.py:840} INFO - DAG(s) 'csv_to_postgres3' retrieved from /opt/airflow/dags/csv_to_postgres3.py
[2024-07-03T18:00:12.283+0000] {logging_mixin.py:188} INFO - [2024-07-03T18:00:12.282+0000] {dag.py:3096} INFO - Sync 1 DAGs
[2024-07-03T18:00:12.290+0000] {logging_mixin.py:188} INFO - [2024-07-03T18:00:12.290+0000] {dag.py:3954} INFO - Setting next_dagrun for csv_to_postgres3 to None, run_after=None
[2024-07-03T18:00:12.308+0000] {processor.py:183} INFO - Processing /opt/airflow/dags/csv_to_postgres3.py took 0.407 seconds
[2024-07-03T18:00:42.591+0000] {processor.py:161} INFO - Started process (PID=129) to work on /opt/airflow/dags/csv_to_postgres3.py
[2024-07-03T18:00:42.593+0000] {processor.py:830} INFO - Processing file /opt/airflow/dags/csv_to_postgres3.py for tasks to queue
[2024-07-03T18:00:42.597+0000] {logging_mixin.py:188} INFO - [2024-07-03T18:00:42.596+0000] {dagbag.py:545} INFO - Filling up the DagBag from /opt/airflow/dags/csv_to_postgres3.py
[2024-07-03T18:00:42.948+0000] {processor.py:840} INFO - DAG(s) 'csv_to_postgres3' retrieved from /opt/airflow/dags/csv_to_postgres3.py
[2024-07-03T18:00:42.974+0000] {logging_mixin.py:188} INFO - [2024-07-03T18:00:42.974+0000] {dag.py:3096} INFO - Sync 1 DAGs
[2024-07-03T18:00:42.984+0000] {logging_mixin.py:188} INFO - [2024-07-03T18:00:42.984+0000] {dag.py:3954} INFO - Setting next_dagrun for csv_to_postgres3 to None, run_after=None
[2024-07-03T18:00:43.004+0000] {processor.py:183} INFO - Processing /opt/airflow/dags/csv_to_postgres3.py took 0.423 seconds
[2024-07-03T18:01:13.276+0000] {processor.py:161} INFO - Started process (PID=141) to work on /opt/airflow/dags/csv_to_postgres3.py
[2024-07-03T18:01:13.279+0000] {processor.py:830} INFO - Processing file /opt/airflow/dags/csv_to_postgres3.py for tasks to queue
[2024-07-03T18:01:13.283+0000] {logging_mixin.py:188} INFO - [2024-07-03T18:01:13.282+0000] {dagbag.py:545} INFO - Filling up the DagBag from /opt/airflow/dags/csv_to_postgres3.py
[2024-07-03T18:01:13.821+0000] {processor.py:840} INFO - DAG(s) 'csv_to_postgres3' retrieved from /opt/airflow/dags/csv_to_postgres3.py
[2024-07-03T18:01:13.848+0000] {logging_mixin.py:188} INFO - [2024-07-03T18:01:13.847+0000] {dag.py:3096} INFO - Sync 1 DAGs
[2024-07-03T18:01:13.863+0000] {logging_mixin.py:188} INFO - [2024-07-03T18:01:13.862+0000] {dag.py:3954} INFO - Setting next_dagrun for csv_to_postgres3 to None, run_after=None
[2024-07-03T18:01:13.886+0000] {processor.py:183} INFO - Processing /opt/airflow/dags/csv_to_postgres3.py took 0.621 seconds
[2024-07-03T18:01:44.159+0000] {processor.py:161} INFO - Started process (PID=153) to work on /opt/airflow/dags/csv_to_postgres3.py
[2024-07-03T18:01:44.160+0000] {processor.py:830} INFO - Processing file /opt/airflow/dags/csv_to_postgres3.py for tasks to queue
[2024-07-03T18:01:44.164+0000] {logging_mixin.py:188} INFO - [2024-07-03T18:01:44.163+0000] {dagbag.py:545} INFO - Filling up the DagBag from /opt/airflow/dags/csv_to_postgres3.py
[2024-07-03T18:01:44.707+0000] {processor.py:840} INFO - DAG(s) 'csv_to_postgres3' retrieved from /opt/airflow/dags/csv_to_postgres3.py
[2024-07-03T18:01:44.738+0000] {logging_mixin.py:188} INFO - [2024-07-03T18:01:44.738+0000] {dag.py:3096} INFO - Sync 1 DAGs
[2024-07-03T18:01:44.753+0000] {logging_mixin.py:188} INFO - [2024-07-03T18:01:44.753+0000] {dag.py:3954} INFO - Setting next_dagrun for csv_to_postgres3 to None, run_after=None
[2024-07-03T18:01:44.778+0000] {processor.py:183} INFO - Processing /opt/airflow/dags/csv_to_postgres3.py took 0.627 seconds
[2024-07-03T18:02:15.030+0000] {processor.py:161} INFO - Started process (PID=165) to work on /opt/airflow/dags/csv_to_postgres3.py
[2024-07-03T18:02:15.032+0000] {processor.py:830} INFO - Processing file /opt/airflow/dags/csv_to_postgres3.py for tasks to queue
[2024-07-03T18:02:15.036+0000] {logging_mixin.py:188} INFO - [2024-07-03T18:02:15.035+0000] {dagbag.py:545} INFO - Filling up the DagBag from /opt/airflow/dags/csv_to_postgres3.py
[2024-07-03T18:02:15.391+0000] {processor.py:840} INFO - DAG(s) 'csv_to_postgres3' retrieved from /opt/airflow/dags/csv_to_postgres3.py
[2024-07-03T18:02:15.410+0000] {logging_mixin.py:188} INFO - [2024-07-03T18:02:15.410+0000] {dag.py:3096} INFO - Sync 1 DAGs
[2024-07-03T18:02:15.419+0000] {logging_mixin.py:188} INFO - [2024-07-03T18:02:15.419+0000] {dag.py:3954} INFO - Setting next_dagrun for csv_to_postgres3 to None, run_after=None
[2024-07-03T18:02:15.439+0000] {processor.py:183} INFO - Processing /opt/airflow/dags/csv_to_postgres3.py took 0.420 seconds
[2024-07-03T18:02:45.714+0000] {processor.py:161} INFO - Started process (PID=177) to work on /opt/airflow/dags/csv_to_postgres3.py
[2024-07-03T18:02:45.716+0000] {processor.py:830} INFO - Processing file /opt/airflow/dags/csv_to_postgres3.py for tasks to queue
[2024-07-03T18:02:45.721+0000] {logging_mixin.py:188} INFO - [2024-07-03T18:02:45.720+0000] {dagbag.py:545} INFO - Filling up the DagBag from /opt/airflow/dags/csv_to_postgres3.py
[2024-07-03T18:02:46.066+0000] {processor.py:840} INFO - DAG(s) 'csv_to_postgres3' retrieved from /opt/airflow/dags/csv_to_postgres3.py
[2024-07-03T18:02:46.093+0000] {logging_mixin.py:188} INFO - [2024-07-03T18:02:46.093+0000] {dag.py:3096} INFO - Sync 1 DAGs
[2024-07-03T18:02:46.106+0000] {logging_mixin.py:188} INFO - [2024-07-03T18:02:46.106+0000] {dag.py:3954} INFO - Setting next_dagrun for csv_to_postgres3 to None, run_after=None
[2024-07-03T18:02:46.128+0000] {processor.py:183} INFO - Processing /opt/airflow/dags/csv_to_postgres3.py took 0.426 seconds
[2024-07-03T18:03:16.363+0000] {processor.py:161} INFO - Started process (PID=189) to work on /opt/airflow/dags/csv_to_postgres3.py
[2024-07-03T18:03:16.366+0000] {processor.py:830} INFO - Processing file /opt/airflow/dags/csv_to_postgres3.py for tasks to queue
[2024-07-03T18:03:16.372+0000] {logging_mixin.py:188} INFO - [2024-07-03T18:03:16.371+0000] {dagbag.py:545} INFO - Filling up the DagBag from /opt/airflow/dags/csv_to_postgres3.py
[2024-07-03T18:03:16.730+0000] {processor.py:840} INFO - DAG(s) 'csv_to_postgres3' retrieved from /opt/airflow/dags/csv_to_postgres3.py
[2024-07-03T18:03:16.757+0000] {logging_mixin.py:188} INFO - [2024-07-03T18:03:16.757+0000] {dag.py:3096} INFO - Sync 1 DAGs
[2024-07-03T18:03:16.769+0000] {logging_mixin.py:188} INFO - [2024-07-03T18:03:16.768+0000] {dag.py:3954} INFO - Setting next_dagrun for csv_to_postgres3 to None, run_after=None
[2024-07-03T18:03:16.786+0000] {processor.py:183} INFO - Processing /opt/airflow/dags/csv_to_postgres3.py took 0.438 seconds
[2024-07-03T18:03:30.933+0000] {processor.py:161} INFO - Started process (PID=201) to work on /opt/airflow/dags/csv_to_postgres3.py
[2024-07-03T18:03:30.934+0000] {processor.py:830} INFO - Processing file /opt/airflow/dags/csv_to_postgres3.py for tasks to queue
[2024-07-03T18:03:30.937+0000] {logging_mixin.py:188} INFO - [2024-07-03T18:03:30.936+0000] {dagbag.py:545} INFO - Filling up the DagBag from /opt/airflow/dags/csv_to_postgres3.py
[2024-07-03T18:03:31.275+0000] {processor.py:840} INFO - DAG(s) 'csv_to_postgres3' retrieved from /opt/airflow/dags/csv_to_postgres3.py
[2024-07-03T18:03:31.300+0000] {logging_mixin.py:188} INFO - [2024-07-03T18:03:31.299+0000] {dag.py:3096} INFO - Sync 1 DAGs
[2024-07-03T18:03:31.310+0000] {logging_mixin.py:188} INFO - [2024-07-03T18:03:31.310+0000] {dag.py:3954} INFO - Setting next_dagrun for csv_to_postgres3 to None, run_after=None
[2024-07-03T18:03:31.332+0000] {processor.py:183} INFO - Processing /opt/airflow/dags/csv_to_postgres3.py took 0.405 seconds
[2024-07-03T18:04:02.081+0000] {processor.py:161} INFO - Started process (PID=213) to work on /opt/airflow/dags/csv_to_postgres3.py
[2024-07-03T18:04:02.085+0000] {processor.py:830} INFO - Processing file /opt/airflow/dags/csv_to_postgres3.py for tasks to queue
[2024-07-03T18:04:02.095+0000] {logging_mixin.py:188} INFO - [2024-07-03T18:04:02.093+0000] {dagbag.py:545} INFO - Filling up the DagBag from /opt/airflow/dags/csv_to_postgres3.py
[2024-07-03T18:04:02.421+0000] {processor.py:840} INFO - DAG(s) 'csv_to_postgres3' retrieved from /opt/airflow/dags/csv_to_postgres3.py
[2024-07-03T18:04:02.441+0000] {logging_mixin.py:188} INFO - [2024-07-03T18:04:02.440+0000] {dag.py:3096} INFO - Sync 1 DAGs
[2024-07-03T18:04:02.450+0000] {logging_mixin.py:188} INFO - [2024-07-03T18:04:02.450+0000] {dag.py:3954} INFO - Setting next_dagrun for csv_to_postgres3 to None, run_after=None
[2024-07-03T18:04:02.476+0000] {processor.py:183} INFO - Processing /opt/airflow/dags/csv_to_postgres3.py took 0.422 seconds
[2024-07-03T18:04:32.724+0000] {processor.py:161} INFO - Started process (PID=225) to work on /opt/airflow/dags/csv_to_postgres3.py
[2024-07-03T18:04:32.726+0000] {processor.py:830} INFO - Processing file /opt/airflow/dags/csv_to_postgres3.py for tasks to queue
[2024-07-03T18:04:32.731+0000] {logging_mixin.py:188} INFO - [2024-07-03T18:04:32.730+0000] {dagbag.py:545} INFO - Filling up the DagBag from /opt/airflow/dags/csv_to_postgres3.py
[2024-07-03T18:04:33.080+0000] {processor.py:840} INFO - DAG(s) 'csv_to_postgres3' retrieved from /opt/airflow/dags/csv_to_postgres3.py
[2024-07-03T18:04:33.096+0000] {logging_mixin.py:188} INFO - [2024-07-03T18:04:33.096+0000] {dag.py:3096} INFO - Sync 1 DAGs
[2024-07-03T18:04:33.103+0000] {logging_mixin.py:188} INFO - [2024-07-03T18:04:33.103+0000] {dag.py:3954} INFO - Setting next_dagrun for csv_to_postgres3 to None, run_after=None
[2024-07-03T18:04:33.117+0000] {processor.py:183} INFO - Processing /opt/airflow/dags/csv_to_postgres3.py took 0.403 seconds
[2024-07-03T18:05:03.357+0000] {processor.py:161} INFO - Started process (PID=237) to work on /opt/airflow/dags/csv_to_postgres3.py
[2024-07-03T18:05:03.359+0000] {processor.py:830} INFO - Processing file /opt/airflow/dags/csv_to_postgres3.py for tasks to queue
[2024-07-03T18:05:03.364+0000] {logging_mixin.py:188} INFO - [2024-07-03T18:05:03.363+0000] {dagbag.py:545} INFO - Filling up the DagBag from /opt/airflow/dags/csv_to_postgres3.py
[2024-07-03T18:05:03.702+0000] {processor.py:840} INFO - DAG(s) 'csv_to_postgres3' retrieved from /opt/airflow/dags/csv_to_postgres3.py
[2024-07-03T18:05:03.720+0000] {logging_mixin.py:188} INFO - [2024-07-03T18:05:03.720+0000] {dag.py:3096} INFO - Sync 1 DAGs
[2024-07-03T18:05:03.728+0000] {logging_mixin.py:188} INFO - [2024-07-03T18:05:03.728+0000] {dag.py:3954} INFO - Setting next_dagrun for csv_to_postgres3 to None, run_after=None
[2024-07-03T18:05:03.745+0000] {processor.py:183} INFO - Processing /opt/airflow/dags/csv_to_postgres3.py took 0.399 seconds
[2024-07-03T18:05:34.181+0000] {processor.py:161} INFO - Started process (PID=249) to work on /opt/airflow/dags/csv_to_postgres3.py
[2024-07-03T18:05:34.183+0000] {processor.py:830} INFO - Processing file /opt/airflow/dags/csv_to_postgres3.py for tasks to queue
[2024-07-03T18:05:34.186+0000] {logging_mixin.py:188} INFO - [2024-07-03T18:05:34.185+0000] {dagbag.py:545} INFO - Filling up the DagBag from /opt/airflow/dags/csv_to_postgres3.py
[2024-07-03T18:05:34.514+0000] {processor.py:840} INFO - DAG(s) 'csv_to_postgres3' retrieved from /opt/airflow/dags/csv_to_postgres3.py
[2024-07-03T18:05:34.539+0000] {logging_mixin.py:188} INFO - [2024-07-03T18:05:34.538+0000] {dag.py:3096} INFO - Sync 1 DAGs
[2024-07-03T18:05:34.554+0000] {logging_mixin.py:188} INFO - [2024-07-03T18:05:34.553+0000] {dag.py:3954} INFO - Setting next_dagrun for csv_to_postgres3 to None, run_after=None
[2024-07-03T18:05:34.599+0000] {processor.py:183} INFO - Processing /opt/airflow/dags/csv_to_postgres3.py took 0.427 seconds
[2024-07-03T18:06:05.045+0000] {processor.py:161} INFO - Started process (PID=261) to work on /opt/airflow/dags/csv_to_postgres3.py
[2024-07-03T18:06:05.047+0000] {processor.py:830} INFO - Processing file /opt/airflow/dags/csv_to_postgres3.py for tasks to queue
[2024-07-03T18:06:05.051+0000] {logging_mixin.py:188} INFO - [2024-07-03T18:06:05.050+0000] {dagbag.py:545} INFO - Filling up the DagBag from /opt/airflow/dags/csv_to_postgres3.py
[2024-07-03T18:06:05.372+0000] {processor.py:840} INFO - DAG(s) 'csv_to_postgres3' retrieved from /opt/airflow/dags/csv_to_postgres3.py
[2024-07-03T18:06:05.390+0000] {logging_mixin.py:188} INFO - [2024-07-03T18:06:05.390+0000] {dag.py:3096} INFO - Sync 1 DAGs
[2024-07-03T18:06:05.407+0000] {logging_mixin.py:188} INFO - [2024-07-03T18:06:05.406+0000] {dag.py:3954} INFO - Setting next_dagrun for csv_to_postgres3 to None, run_after=None
[2024-07-03T18:06:05.440+0000] {processor.py:183} INFO - Processing /opt/airflow/dags/csv_to_postgres3.py took 0.406 seconds
[2024-07-03T18:06:35.753+0000] {processor.py:161} INFO - Started process (PID=273) to work on /opt/airflow/dags/csv_to_postgres3.py
[2024-07-03T18:06:35.756+0000] {processor.py:830} INFO - Processing file /opt/airflow/dags/csv_to_postgres3.py for tasks to queue
[2024-07-03T18:06:35.760+0000] {logging_mixin.py:188} INFO - [2024-07-03T18:06:35.759+0000] {dagbag.py:545} INFO - Filling up the DagBag from /opt/airflow/dags/csv_to_postgres3.py
[2024-07-03T18:06:36.057+0000] {processor.py:840} INFO - DAG(s) 'csv_to_postgres3' retrieved from /opt/airflow/dags/csv_to_postgres3.py
[2024-07-03T18:06:36.074+0000] {logging_mixin.py:188} INFO - [2024-07-03T18:06:36.074+0000] {dag.py:3096} INFO - Sync 1 DAGs
[2024-07-03T18:06:36.082+0000] {logging_mixin.py:188} INFO - [2024-07-03T18:06:36.082+0000] {dag.py:3954} INFO - Setting next_dagrun for csv_to_postgres3 to None, run_after=None
[2024-07-03T18:06:36.100+0000] {processor.py:183} INFO - Processing /opt/airflow/dags/csv_to_postgres3.py took 0.361 seconds
[2024-07-03T18:07:06.383+0000] {processor.py:161} INFO - Started process (PID=286) to work on /opt/airflow/dags/csv_to_postgres3.py
[2024-07-03T18:07:06.385+0000] {processor.py:830} INFO - Processing file /opt/airflow/dags/csv_to_postgres3.py for tasks to queue
[2024-07-03T18:07:06.389+0000] {logging_mixin.py:188} INFO - [2024-07-03T18:07:06.388+0000] {dagbag.py:545} INFO - Filling up the DagBag from /opt/airflow/dags/csv_to_postgres3.py
[2024-07-03T18:07:06.601+0000] {processor.py:840} INFO - DAG(s) 'csv_to_postgres3' retrieved from /opt/airflow/dags/csv_to_postgres3.py
[2024-07-03T18:07:06.719+0000] {logging_mixin.py:188} INFO - [2024-07-03T18:07:06.719+0000] {dag.py:3096} INFO - Sync 1 DAGs
[2024-07-03T18:07:06.726+0000] {logging_mixin.py:188} INFO - [2024-07-03T18:07:06.725+0000] {dag.py:3954} INFO - Setting next_dagrun for csv_to_postgres3 to None, run_after=None
[2024-07-03T18:07:06.741+0000] {processor.py:183} INFO - Processing /opt/airflow/dags/csv_to_postgres3.py took 0.371 seconds
[2024-07-03T18:07:35.276+0000] {processor.py:161} INFO - Started process (PID=298) to work on /opt/airflow/dags/csv_to_postgres3.py
[2024-07-03T18:07:35.277+0000] {processor.py:830} INFO - Processing file /opt/airflow/dags/csv_to_postgres3.py for tasks to queue
[2024-07-03T18:07:35.284+0000] {logging_mixin.py:188} INFO - [2024-07-03T18:07:35.282+0000] {dagbag.py:545} INFO - Filling up the DagBag from /opt/airflow/dags/csv_to_postgres3.py
[2024-07-03T18:07:35.834+0000] {processor.py:840} INFO - DAG(s) 'csv_to_postgres3' retrieved from /opt/airflow/dags/csv_to_postgres3.py
[2024-07-03T18:07:35.865+0000] {logging_mixin.py:188} INFO - [2024-07-03T18:07:35.864+0000] {dag.py:3096} INFO - Sync 1 DAGs
[2024-07-03T18:07:35.881+0000] {logging_mixin.py:188} INFO - [2024-07-03T18:07:35.880+0000] {dag.py:3954} INFO - Setting next_dagrun for csv_to_postgres3 to None, run_after=None
[2024-07-03T18:07:35.909+0000] {processor.py:183} INFO - Processing /opt/airflow/dags/csv_to_postgres3.py took 0.664 seconds
[2024-07-03T18:08:06.518+0000] {processor.py:161} INFO - Started process (PID=310) to work on /opt/airflow/dags/csv_to_postgres3.py
[2024-07-03T18:08:06.520+0000] {processor.py:830} INFO - Processing file /opt/airflow/dags/csv_to_postgres3.py for tasks to queue
[2024-07-03T18:08:06.524+0000] {logging_mixin.py:188} INFO - [2024-07-03T18:08:06.523+0000] {dagbag.py:545} INFO - Filling up the DagBag from /opt/airflow/dags/csv_to_postgres3.py
[2024-07-03T18:08:06.894+0000] {processor.py:840} INFO - DAG(s) 'csv_to_postgres3' retrieved from /opt/airflow/dags/csv_to_postgres3.py
[2024-07-03T18:08:06.919+0000] {logging_mixin.py:188} INFO - [2024-07-03T18:08:06.919+0000] {dag.py:3096} INFO - Sync 1 DAGs
[2024-07-03T18:08:06.932+0000] {logging_mixin.py:188} INFO - [2024-07-03T18:08:06.932+0000] {dag.py:3954} INFO - Setting next_dagrun for csv_to_postgres3 to None, run_after=None
[2024-07-03T18:08:06.964+0000] {processor.py:183} INFO - Processing /opt/airflow/dags/csv_to_postgres3.py took 0.455 seconds
[2024-07-03T18:08:37.610+0000] {processor.py:161} INFO - Started process (PID=322) to work on /opt/airflow/dags/csv_to_postgres3.py
[2024-07-03T18:08:37.612+0000] {processor.py:830} INFO - Processing file /opt/airflow/dags/csv_to_postgres3.py for tasks to queue
[2024-07-03T18:08:37.615+0000] {logging_mixin.py:188} INFO - [2024-07-03T18:08:37.614+0000] {dagbag.py:545} INFO - Filling up the DagBag from /opt/airflow/dags/csv_to_postgres3.py
[2024-07-03T18:08:37.939+0000] {processor.py:840} INFO - DAG(s) 'csv_to_postgres3' retrieved from /opt/airflow/dags/csv_to_postgres3.py
[2024-07-03T18:08:37.958+0000] {logging_mixin.py:188} INFO - [2024-07-03T18:08:37.958+0000] {dag.py:3096} INFO - Sync 1 DAGs
[2024-07-03T18:08:37.969+0000] {logging_mixin.py:188} INFO - [2024-07-03T18:08:37.969+0000] {dag.py:3954} INFO - Setting next_dagrun for csv_to_postgres3 to None, run_after=None
[2024-07-03T18:08:38.008+0000] {processor.py:183} INFO - Processing /opt/airflow/dags/csv_to_postgres3.py took 0.408 seconds
[2024-07-03T18:09:08.287+0000] {processor.py:161} INFO - Started process (PID=333) to work on /opt/airflow/dags/csv_to_postgres3.py
[2024-07-03T18:09:08.290+0000] {processor.py:830} INFO - Processing file /opt/airflow/dags/csv_to_postgres3.py for tasks to queue
[2024-07-03T18:09:08.295+0000] {logging_mixin.py:188} INFO - [2024-07-03T18:09:08.294+0000] {dagbag.py:545} INFO - Filling up the DagBag from /opt/airflow/dags/csv_to_postgres3.py
[2024-07-03T18:09:08.713+0000] {processor.py:840} INFO - DAG(s) 'csv_to_postgres3' retrieved from /opt/airflow/dags/csv_to_postgres3.py
[2024-07-03T18:09:08.741+0000] {logging_mixin.py:188} INFO - [2024-07-03T18:09:08.740+0000] {dag.py:3096} INFO - Sync 1 DAGs
[2024-07-03T18:09:08.766+0000] {logging_mixin.py:188} INFO - [2024-07-03T18:09:08.766+0000] {dag.py:3954} INFO - Setting next_dagrun for csv_to_postgres3 to None, run_after=None
[2024-07-03T18:09:08.805+0000] {processor.py:183} INFO - Processing /opt/airflow/dags/csv_to_postgres3.py took 0.537 seconds
[2024-07-03T18:09:18.353+0000] {processor.py:161} INFO - Started process (PID=335) to work on /opt/airflow/dags/csv_to_postgres3.py
[2024-07-03T18:09:18.354+0000] {processor.py:830} INFO - Processing file /opt/airflow/dags/csv_to_postgres3.py for tasks to queue
[2024-07-03T18:09:18.357+0000] {logging_mixin.py:188} INFO - [2024-07-03T18:09:18.356+0000] {dagbag.py:545} INFO - Filling up the DagBag from /opt/airflow/dags/csv_to_postgres3.py
[2024-07-03T18:09:18.657+0000] {processor.py:840} INFO - DAG(s) 'csv_to_postgres3' retrieved from /opt/airflow/dags/csv_to_postgres3.py
[2024-07-03T18:09:18.673+0000] {logging_mixin.py:188} INFO - [2024-07-03T18:09:18.672+0000] {dag.py:3096} INFO - Sync 1 DAGs
[2024-07-03T18:09:18.684+0000] {logging_mixin.py:188} INFO - [2024-07-03T18:09:18.683+0000] {dag.py:3954} INFO - Setting next_dagrun for csv_to_postgres3 to None, run_after=None
[2024-07-03T18:09:18.717+0000] {processor.py:183} INFO - Processing /opt/airflow/dags/csv_to_postgres3.py took 0.370 seconds
[2024-07-03T18:09:49.114+0000] {processor.py:161} INFO - Started process (PID=347) to work on /opt/airflow/dags/csv_to_postgres3.py
[2024-07-03T18:09:49.115+0000] {processor.py:830} INFO - Processing file /opt/airflow/dags/csv_to_postgres3.py for tasks to queue
[2024-07-03T18:09:49.118+0000] {logging_mixin.py:188} INFO - [2024-07-03T18:09:49.118+0000] {dagbag.py:545} INFO - Filling up the DagBag from /opt/airflow/dags/csv_to_postgres3.py
[2024-07-03T18:09:49.453+0000] {processor.py:840} INFO - DAG(s) 'csv_to_postgres3' retrieved from /opt/airflow/dags/csv_to_postgres3.py
[2024-07-03T18:09:49.479+0000] {logging_mixin.py:188} INFO - [2024-07-03T18:09:49.478+0000] {dag.py:3096} INFO - Sync 1 DAGs
[2024-07-03T18:09:49.488+0000] {logging_mixin.py:188} INFO - [2024-07-03T18:09:49.487+0000] {dag.py:3954} INFO - Setting next_dagrun for csv_to_postgres3 to None, run_after=None
[2024-07-03T18:09:49.506+0000] {processor.py:183} INFO - Processing /opt/airflow/dags/csv_to_postgres3.py took 0.401 seconds
[2024-07-03T18:10:19.779+0000] {processor.py:161} INFO - Started process (PID=359) to work on /opt/airflow/dags/csv_to_postgres3.py
[2024-07-03T18:10:19.782+0000] {processor.py:830} INFO - Processing file /opt/airflow/dags/csv_to_postgres3.py for tasks to queue
[2024-07-03T18:10:19.788+0000] {logging_mixin.py:188} INFO - [2024-07-03T18:10:19.787+0000] {dagbag.py:545} INFO - Filling up the DagBag from /opt/airflow/dags/csv_to_postgres3.py
[2024-07-03T18:10:20.101+0000] {processor.py:840} INFO - DAG(s) 'csv_to_postgres3' retrieved from /opt/airflow/dags/csv_to_postgres3.py
[2024-07-03T18:10:20.122+0000] {logging_mixin.py:188} INFO - [2024-07-03T18:10:20.121+0000] {dag.py:3096} INFO - Sync 1 DAGs
[2024-07-03T18:10:20.130+0000] {logging_mixin.py:188} INFO - [2024-07-03T18:10:20.129+0000] {dag.py:3954} INFO - Setting next_dagrun for csv_to_postgres3 to None, run_after=None
[2024-07-03T18:10:20.146+0000] {processor.py:183} INFO - Processing /opt/airflow/dags/csv_to_postgres3.py took 0.385 seconds
[2024-07-03T18:10:50.439+0000] {processor.py:161} INFO - Started process (PID=371) to work on /opt/airflow/dags/csv_to_postgres3.py
[2024-07-03T18:10:50.441+0000] {processor.py:830} INFO - Processing file /opt/airflow/dags/csv_to_postgres3.py for tasks to queue
[2024-07-03T18:10:50.446+0000] {logging_mixin.py:188} INFO - [2024-07-03T18:10:50.445+0000] {dagbag.py:545} INFO - Filling up the DagBag from /opt/airflow/dags/csv_to_postgres3.py
[2024-07-03T18:10:50.787+0000] {processor.py:840} INFO - DAG(s) 'csv_to_postgres3' retrieved from /opt/airflow/dags/csv_to_postgres3.py
[2024-07-03T18:10:50.806+0000] {logging_mixin.py:188} INFO - [2024-07-03T18:10:50.805+0000] {dag.py:3096} INFO - Sync 1 DAGs
[2024-07-03T18:10:50.813+0000] {logging_mixin.py:188} INFO - [2024-07-03T18:10:50.813+0000] {dag.py:3954} INFO - Setting next_dagrun for csv_to_postgres3 to None, run_after=None
[2024-07-03T18:10:50.829+0000] {processor.py:183} INFO - Processing /opt/airflow/dags/csv_to_postgres3.py took 0.405 seconds
[2024-07-03T18:11:21.089+0000] {processor.py:161} INFO - Started process (PID=383) to work on /opt/airflow/dags/csv_to_postgres3.py
[2024-07-03T18:11:21.091+0000] {processor.py:830} INFO - Processing file /opt/airflow/dags/csv_to_postgres3.py for tasks to queue
[2024-07-03T18:11:21.094+0000] {logging_mixin.py:188} INFO - [2024-07-03T18:11:21.093+0000] {dagbag.py:545} INFO - Filling up the DagBag from /opt/airflow/dags/csv_to_postgres3.py
[2024-07-03T18:11:21.427+0000] {processor.py:840} INFO - DAG(s) 'csv_to_postgres3' retrieved from /opt/airflow/dags/csv_to_postgres3.py
[2024-07-03T18:11:21.452+0000] {logging_mixin.py:188} INFO - [2024-07-03T18:11:21.452+0000] {dag.py:3096} INFO - Sync 1 DAGs
[2024-07-03T18:11:21.464+0000] {logging_mixin.py:188} INFO - [2024-07-03T18:11:21.464+0000] {dag.py:3954} INFO - Setting next_dagrun for csv_to_postgres3 to None, run_after=None
[2024-07-03T18:11:21.488+0000] {processor.py:183} INFO - Processing /opt/airflow/dags/csv_to_postgres3.py took 0.405 seconds
[2024-07-03T18:11:51.926+0000] {processor.py:161} INFO - Started process (PID=395) to work on /opt/airflow/dags/csv_to_postgres3.py
[2024-07-03T18:11:51.928+0000] {processor.py:830} INFO - Processing file /opt/airflow/dags/csv_to_postgres3.py for tasks to queue
[2024-07-03T18:11:51.932+0000] {logging_mixin.py:188} INFO - [2024-07-03T18:11:51.931+0000] {dagbag.py:545} INFO - Filling up the DagBag from /opt/airflow/dags/csv_to_postgres3.py
[2024-07-03T18:11:52.271+0000] {processor.py:840} INFO - DAG(s) 'csv_to_postgres3' retrieved from /opt/airflow/dags/csv_to_postgres3.py
[2024-07-03T18:11:52.296+0000] {logging_mixin.py:188} INFO - [2024-07-03T18:11:52.296+0000] {dag.py:3096} INFO - Sync 1 DAGs
[2024-07-03T18:11:52.310+0000] {logging_mixin.py:188} INFO - [2024-07-03T18:11:52.309+0000] {dag.py:3954} INFO - Setting next_dagrun for csv_to_postgres3 to None, run_after=None
[2024-07-03T18:11:52.333+0000] {processor.py:183} INFO - Processing /opt/airflow/dags/csv_to_postgres3.py took 0.421 seconds
[2024-07-03T18:12:22.581+0000] {processor.py:161} INFO - Started process (PID=407) to work on /opt/airflow/dags/csv_to_postgres3.py
[2024-07-03T18:12:22.583+0000] {processor.py:830} INFO - Processing file /opt/airflow/dags/csv_to_postgres3.py for tasks to queue
[2024-07-03T18:12:22.587+0000] {logging_mixin.py:188} INFO - [2024-07-03T18:12:22.586+0000] {dagbag.py:545} INFO - Filling up the DagBag from /opt/airflow/dags/csv_to_postgres3.py
[2024-07-03T18:12:23.116+0000] {processor.py:840} INFO - DAG(s) 'csv_to_postgres3' retrieved from /opt/airflow/dags/csv_to_postgres3.py
[2024-07-03T18:12:23.152+0000] {logging_mixin.py:188} INFO - [2024-07-03T18:12:23.152+0000] {dag.py:3096} INFO - Sync 1 DAGs
[2024-07-03T18:12:23.172+0000] {logging_mixin.py:188} INFO - [2024-07-03T18:12:23.171+0000] {dag.py:3954} INFO - Setting next_dagrun for csv_to_postgres3 to None, run_after=None
[2024-07-03T18:12:23.209+0000] {processor.py:183} INFO - Processing /opt/airflow/dags/csv_to_postgres3.py took 0.636 seconds
[2024-07-03T18:12:53.269+0000] {processor.py:161} INFO - Started process (PID=419) to work on /opt/airflow/dags/csv_to_postgres3.py
[2024-07-03T18:12:53.270+0000] {processor.py:830} INFO - Processing file /opt/airflow/dags/csv_to_postgres3.py for tasks to queue
[2024-07-03T18:12:53.275+0000] {logging_mixin.py:188} INFO - [2024-07-03T18:12:53.274+0000] {dagbag.py:545} INFO - Filling up the DagBag from /opt/airflow/dags/csv_to_postgres3.py
[2024-07-03T18:12:53.649+0000] {processor.py:840} INFO - DAG(s) 'csv_to_postgres3' retrieved from /opt/airflow/dags/csv_to_postgres3.py
[2024-07-03T18:12:53.679+0000] {logging_mixin.py:188} INFO - [2024-07-03T18:12:53.678+0000] {dag.py:3096} INFO - Sync 1 DAGs
[2024-07-03T18:12:53.696+0000] {logging_mixin.py:188} INFO - [2024-07-03T18:12:53.696+0000] {dag.py:3954} INFO - Setting next_dagrun for csv_to_postgres3 to None, run_after=None
[2024-07-03T18:12:53.727+0000] {processor.py:183} INFO - Processing /opt/airflow/dags/csv_to_postgres3.py took 0.470 seconds
[2024-07-03T18:13:24.028+0000] {processor.py:161} INFO - Started process (PID=431) to work on /opt/airflow/dags/csv_to_postgres3.py
[2024-07-03T18:13:24.031+0000] {processor.py:830} INFO - Processing file /opt/airflow/dags/csv_to_postgres3.py for tasks to queue
[2024-07-03T18:13:24.034+0000] {logging_mixin.py:188} INFO - [2024-07-03T18:13:24.034+0000] {dagbag.py:545} INFO - Filling up the DagBag from /opt/airflow/dags/csv_to_postgres3.py
[2024-07-03T18:13:24.347+0000] {processor.py:840} INFO - DAG(s) 'csv_to_postgres3' retrieved from /opt/airflow/dags/csv_to_postgres3.py
[2024-07-03T18:13:24.370+0000] {logging_mixin.py:188} INFO - [2024-07-03T18:13:24.369+0000] {dag.py:3096} INFO - Sync 1 DAGs
[2024-07-03T18:13:24.378+0000] {logging_mixin.py:188} INFO - [2024-07-03T18:13:24.378+0000] {dag.py:3954} INFO - Setting next_dagrun for csv_to_postgres3 to None, run_after=None
[2024-07-03T18:13:24.395+0000] {processor.py:183} INFO - Processing /opt/airflow/dags/csv_to_postgres3.py took 0.384 seconds
[2024-07-03T18:13:54.656+0000] {processor.py:161} INFO - Started process (PID=443) to work on /opt/airflow/dags/csv_to_postgres3.py
[2024-07-03T18:13:54.657+0000] {processor.py:830} INFO - Processing file /opt/airflow/dags/csv_to_postgres3.py for tasks to queue
[2024-07-03T18:13:54.661+0000] {logging_mixin.py:188} INFO - [2024-07-03T18:13:54.660+0000] {dagbag.py:545} INFO - Filling up the DagBag from /opt/airflow/dags/csv_to_postgres3.py
[2024-07-03T18:13:54.971+0000] {processor.py:840} INFO - DAG(s) 'csv_to_postgres3' retrieved from /opt/airflow/dags/csv_to_postgres3.py
[2024-07-03T18:13:54.988+0000] {logging_mixin.py:188} INFO - [2024-07-03T18:13:54.988+0000] {dag.py:3096} INFO - Sync 1 DAGs
[2024-07-03T18:13:54.996+0000] {logging_mixin.py:188} INFO - [2024-07-03T18:13:54.996+0000] {dag.py:3954} INFO - Setting next_dagrun for csv_to_postgres3 to None, run_after=None
[2024-07-03T18:13:55.012+0000] {processor.py:183} INFO - Processing /opt/airflow/dags/csv_to_postgres3.py took 0.366 seconds
[2024-07-03T18:14:25.784+0000] {processor.py:161} INFO - Started process (PID=455) to work on /opt/airflow/dags/csv_to_postgres3.py
[2024-07-03T18:14:25.785+0000] {processor.py:830} INFO - Processing file /opt/airflow/dags/csv_to_postgres3.py for tasks to queue
[2024-07-03T18:14:25.790+0000] {logging_mixin.py:188} INFO - [2024-07-03T18:14:25.789+0000] {dagbag.py:545} INFO - Filling up the DagBag from /opt/airflow/dags/csv_to_postgres3.py
[2024-07-03T18:14:26.209+0000] {processor.py:840} INFO - DAG(s) 'csv_to_postgres3' retrieved from /opt/airflow/dags/csv_to_postgres3.py
[2024-07-03T18:14:26.228+0000] {logging_mixin.py:188} INFO - [2024-07-03T18:14:26.228+0000] {dag.py:3096} INFO - Sync 1 DAGs
[2024-07-03T18:14:26.239+0000] {logging_mixin.py:188} INFO - [2024-07-03T18:14:26.239+0000] {dag.py:3954} INFO - Setting next_dagrun for csv_to_postgres3 to None, run_after=None
[2024-07-03T18:14:26.254+0000] {processor.py:183} INFO - Processing /opt/airflow/dags/csv_to_postgres3.py took 0.480 seconds
[2024-07-03T18:14:56.555+0000] {processor.py:161} INFO - Started process (PID=473) to work on /opt/airflow/dags/csv_to_postgres3.py
[2024-07-03T18:14:56.556+0000] {processor.py:830} INFO - Processing file /opt/airflow/dags/csv_to_postgres3.py for tasks to queue
[2024-07-03T18:14:56.559+0000] {logging_mixin.py:188} INFO - [2024-07-03T18:14:56.558+0000] {dagbag.py:545} INFO - Filling up the DagBag from /opt/airflow/dags/csv_to_postgres3.py
[2024-07-03T18:14:56.874+0000] {processor.py:840} INFO - DAG(s) 'csv_to_postgres3' retrieved from /opt/airflow/dags/csv_to_postgres3.py
[2024-07-03T18:14:56.893+0000] {logging_mixin.py:188} INFO - [2024-07-03T18:14:56.892+0000] {dag.py:3096} INFO - Sync 1 DAGs
[2024-07-03T18:14:56.901+0000] {logging_mixin.py:188} INFO - [2024-07-03T18:14:56.901+0000] {dag.py:3954} INFO - Setting next_dagrun for csv_to_postgres3 to None, run_after=None
[2024-07-03T18:14:56.917+0000] {processor.py:183} INFO - Processing /opt/airflow/dags/csv_to_postgres3.py took 0.371 seconds
[2024-07-03T18:15:27.376+0000] {processor.py:161} INFO - Started process (PID=485) to work on /opt/airflow/dags/csv_to_postgres3.py
[2024-07-03T18:15:27.377+0000] {processor.py:830} INFO - Processing file /opt/airflow/dags/csv_to_postgres3.py for tasks to queue
[2024-07-03T18:15:27.381+0000] {logging_mixin.py:188} INFO - [2024-07-03T18:15:27.380+0000] {dagbag.py:545} INFO - Filling up the DagBag from /opt/airflow/dags/csv_to_postgres3.py
[2024-07-03T18:15:27.682+0000] {processor.py:840} INFO - DAG(s) 'csv_to_postgres3' retrieved from /opt/airflow/dags/csv_to_postgres3.py
[2024-07-03T18:15:27.700+0000] {logging_mixin.py:188} INFO - [2024-07-03T18:15:27.700+0000] {dag.py:3096} INFO - Sync 1 DAGs
[2024-07-03T18:15:27.719+0000] {logging_mixin.py:188} INFO - [2024-07-03T18:15:27.719+0000] {dag.py:3954} INFO - Setting next_dagrun for csv_to_postgres3 to None, run_after=None
[2024-07-03T18:15:27.737+0000] {processor.py:183} INFO - Processing /opt/airflow/dags/csv_to_postgres3.py took 0.373 seconds
[2024-07-03T18:15:58.058+0000] {processor.py:161} INFO - Started process (PID=496) to work on /opt/airflow/dags/csv_to_postgres3.py
[2024-07-03T18:15:58.060+0000] {processor.py:830} INFO - Processing file /opt/airflow/dags/csv_to_postgres3.py for tasks to queue
[2024-07-03T18:15:58.065+0000] {logging_mixin.py:188} INFO - [2024-07-03T18:15:58.064+0000] {dagbag.py:545} INFO - Filling up the DagBag from /opt/airflow/dags/csv_to_postgres3.py
[2024-07-03T18:15:58.421+0000] {processor.py:840} INFO - DAG(s) 'csv_to_postgres3' retrieved from /opt/airflow/dags/csv_to_postgres3.py
[2024-07-03T18:15:58.440+0000] {logging_mixin.py:188} INFO - [2024-07-03T18:15:58.440+0000] {dag.py:3096} INFO - Sync 1 DAGs
[2024-07-03T18:15:58.448+0000] {logging_mixin.py:188} INFO - [2024-07-03T18:15:58.448+0000] {dag.py:3954} INFO - Setting next_dagrun for csv_to_postgres3 to None, run_after=None
[2024-07-03T18:15:58.473+0000] {processor.py:183} INFO - Processing /opt/airflow/dags/csv_to_postgres3.py took 0.425 seconds
[2024-07-03T18:16:28.726+0000] {processor.py:161} INFO - Started process (PID=508) to work on /opt/airflow/dags/csv_to_postgres3.py
[2024-07-03T18:16:28.729+0000] {processor.py:830} INFO - Processing file /opt/airflow/dags/csv_to_postgres3.py for tasks to queue
[2024-07-03T18:16:28.734+0000] {logging_mixin.py:188} INFO - [2024-07-03T18:16:28.733+0000] {dagbag.py:545} INFO - Filling up the DagBag from /opt/airflow/dags/csv_to_postgres3.py
[2024-07-03T18:16:29.045+0000] {processor.py:840} INFO - DAG(s) 'csv_to_postgres3' retrieved from /opt/airflow/dags/csv_to_postgres3.py
[2024-07-03T18:16:29.064+0000] {logging_mixin.py:188} INFO - [2024-07-03T18:16:29.064+0000] {dag.py:3096} INFO - Sync 1 DAGs
[2024-07-03T18:16:29.072+0000] {logging_mixin.py:188} INFO - [2024-07-03T18:16:29.072+0000] {dag.py:3954} INFO - Setting next_dagrun for csv_to_postgres3 to None, run_after=None
[2024-07-03T18:16:29.093+0000] {processor.py:183} INFO - Processing /opt/airflow/dags/csv_to_postgres3.py took 0.382 seconds
[2024-07-03T18:16:59.375+0000] {processor.py:161} INFO - Started process (PID=520) to work on /opt/airflow/dags/csv_to_postgres3.py
[2024-07-03T18:16:59.377+0000] {processor.py:830} INFO - Processing file /opt/airflow/dags/csv_to_postgres3.py for tasks to queue
[2024-07-03T18:16:59.382+0000] {logging_mixin.py:188} INFO - [2024-07-03T18:16:59.381+0000] {dagbag.py:545} INFO - Filling up the DagBag from /opt/airflow/dags/csv_to_postgres3.py
[2024-07-03T18:16:59.703+0000] {processor.py:840} INFO - DAG(s) 'csv_to_postgres3' retrieved from /opt/airflow/dags/csv_to_postgres3.py
[2024-07-03T18:16:59.723+0000] {logging_mixin.py:188} INFO - [2024-07-03T18:16:59.723+0000] {dag.py:3096} INFO - Sync 1 DAGs
[2024-07-03T18:16:59.731+0000] {logging_mixin.py:188} INFO - [2024-07-03T18:16:59.731+0000] {dag.py:3954} INFO - Setting next_dagrun for csv_to_postgres3 to None, run_after=None
[2024-07-03T18:16:59.760+0000] {processor.py:183} INFO - Processing /opt/airflow/dags/csv_to_postgres3.py took 0.398 seconds
[2024-07-03T18:17:30.009+0000] {processor.py:161} INFO - Started process (PID=532) to work on /opt/airflow/dags/csv_to_postgres3.py
[2024-07-03T18:17:30.011+0000] {processor.py:830} INFO - Processing file /opt/airflow/dags/csv_to_postgres3.py for tasks to queue
[2024-07-03T18:17:30.014+0000] {logging_mixin.py:188} INFO - [2024-07-03T18:17:30.013+0000] {dagbag.py:545} INFO - Filling up the DagBag from /opt/airflow/dags/csv_to_postgres3.py
[2024-07-03T18:17:30.326+0000] {processor.py:840} INFO - DAG(s) 'csv_to_postgres3' retrieved from /opt/airflow/dags/csv_to_postgres3.py
[2024-07-03T18:17:30.349+0000] {logging_mixin.py:188} INFO - [2024-07-03T18:17:30.349+0000] {dag.py:3096} INFO - Sync 1 DAGs
[2024-07-03T18:17:30.363+0000] {logging_mixin.py:188} INFO - [2024-07-03T18:17:30.362+0000] {dag.py:3954} INFO - Setting next_dagrun for csv_to_postgres3 to None, run_after=None
[2024-07-03T18:17:30.395+0000] {processor.py:183} INFO - Processing /opt/airflow/dags/csv_to_postgres3.py took 0.398 seconds
[2024-07-03T18:18:00.718+0000] {processor.py:161} INFO - Started process (PID=544) to work on /opt/airflow/dags/csv_to_postgres3.py
[2024-07-03T18:18:00.720+0000] {processor.py:830} INFO - Processing file /opt/airflow/dags/csv_to_postgres3.py for tasks to queue
[2024-07-03T18:18:00.723+0000] {logging_mixin.py:188} INFO - [2024-07-03T18:18:00.723+0000] {dagbag.py:545} INFO - Filling up the DagBag from /opt/airflow/dags/csv_to_postgres3.py
[2024-07-03T18:18:01.034+0000] {processor.py:840} INFO - DAG(s) 'csv_to_postgres3' retrieved from /opt/airflow/dags/csv_to_postgres3.py
[2024-07-03T18:18:01.055+0000] {logging_mixin.py:188} INFO - [2024-07-03T18:18:01.054+0000] {dag.py:3096} INFO - Sync 1 DAGs
[2024-07-03T18:18:01.063+0000] {logging_mixin.py:188} INFO - [2024-07-03T18:18:01.063+0000] {dag.py:3954} INFO - Setting next_dagrun for csv_to_postgres3 to None, run_after=None
[2024-07-03T18:18:01.085+0000] {processor.py:183} INFO - Processing /opt/airflow/dags/csv_to_postgres3.py took 0.378 seconds
[2024-07-03T18:18:31.355+0000] {processor.py:161} INFO - Started process (PID=556) to work on /opt/airflow/dags/csv_to_postgres3.py
[2024-07-03T18:18:31.357+0000] {processor.py:830} INFO - Processing file /opt/airflow/dags/csv_to_postgres3.py for tasks to queue
[2024-07-03T18:18:31.360+0000] {logging_mixin.py:188} INFO - [2024-07-03T18:18:31.360+0000] {dagbag.py:545} INFO - Filling up the DagBag from /opt/airflow/dags/csv_to_postgres3.py
[2024-07-03T18:18:31.665+0000] {processor.py:840} INFO - DAG(s) 'csv_to_postgres3' retrieved from /opt/airflow/dags/csv_to_postgres3.py
[2024-07-03T18:18:31.684+0000] {logging_mixin.py:188} INFO - [2024-07-03T18:18:31.684+0000] {dag.py:3096} INFO - Sync 1 DAGs
[2024-07-03T18:18:31.692+0000] {logging_mixin.py:188} INFO - [2024-07-03T18:18:31.691+0000] {dag.py:3954} INFO - Setting next_dagrun for csv_to_postgres3 to None, run_after=None
[2024-07-03T18:18:31.708+0000] {processor.py:183} INFO - Processing /opt/airflow/dags/csv_to_postgres3.py took 0.363 seconds
[2024-07-03T18:19:01.980+0000] {processor.py:161} INFO - Started process (PID=568) to work on /opt/airflow/dags/csv_to_postgres3.py
[2024-07-03T18:19:01.981+0000] {processor.py:830} INFO - Processing file /opt/airflow/dags/csv_to_postgres3.py for tasks to queue
[2024-07-03T18:19:01.985+0000] {logging_mixin.py:188} INFO - [2024-07-03T18:19:01.984+0000] {dagbag.py:545} INFO - Filling up the DagBag from /opt/airflow/dags/csv_to_postgres3.py
[2024-07-03T18:19:02.289+0000] {processor.py:840} INFO - DAG(s) 'csv_to_postgres3' retrieved from /opt/airflow/dags/csv_to_postgres3.py
[2024-07-03T18:19:02.305+0000] {logging_mixin.py:188} INFO - [2024-07-03T18:19:02.305+0000] {dag.py:3096} INFO - Sync 1 DAGs
[2024-07-03T18:19:02.313+0000] {logging_mixin.py:188} INFO - [2024-07-03T18:19:02.312+0000] {dag.py:3954} INFO - Setting next_dagrun for csv_to_postgres3 to None, run_after=None
[2024-07-03T18:19:02.335+0000] {processor.py:183} INFO - Processing /opt/airflow/dags/csv_to_postgres3.py took 0.365 seconds
[2024-07-03T18:19:32.633+0000] {processor.py:161} INFO - Started process (PID=580) to work on /opt/airflow/dags/csv_to_postgres3.py
[2024-07-03T18:19:32.635+0000] {processor.py:830} INFO - Processing file /opt/airflow/dags/csv_to_postgres3.py for tasks to queue
[2024-07-03T18:19:32.638+0000] {logging_mixin.py:188} INFO - [2024-07-03T18:19:32.637+0000] {dagbag.py:545} INFO - Filling up the DagBag from /opt/airflow/dags/csv_to_postgres3.py
[2024-07-03T18:19:32.942+0000] {processor.py:840} INFO - DAG(s) 'csv_to_postgres3' retrieved from /opt/airflow/dags/csv_to_postgres3.py
[2024-07-03T18:19:32.960+0000] {logging_mixin.py:188} INFO - [2024-07-03T18:19:32.960+0000] {dag.py:3096} INFO - Sync 1 DAGs
[2024-07-03T18:19:32.968+0000] {logging_mixin.py:188} INFO - [2024-07-03T18:19:32.968+0000] {dag.py:3954} INFO - Setting next_dagrun for csv_to_postgres3 to None, run_after=None
[2024-07-03T18:19:32.983+0000] {processor.py:183} INFO - Processing /opt/airflow/dags/csv_to_postgres3.py took 0.357 seconds
[2024-07-03T18:20:03.327+0000] {processor.py:161} INFO - Started process (PID=592) to work on /opt/airflow/dags/csv_to_postgres3.py
[2024-07-03T18:20:03.329+0000] {processor.py:830} INFO - Processing file /opt/airflow/dags/csv_to_postgres3.py for tasks to queue
[2024-07-03T18:20:03.333+0000] {logging_mixin.py:188} INFO - [2024-07-03T18:20:03.333+0000] {dagbag.py:545} INFO - Filling up the DagBag from /opt/airflow/dags/csv_to_postgres3.py
[2024-07-03T18:20:03.642+0000] {processor.py:840} INFO - DAG(s) 'csv_to_postgres3' retrieved from /opt/airflow/dags/csv_to_postgres3.py
[2024-07-03T18:20:03.663+0000] {logging_mixin.py:188} INFO - [2024-07-03T18:20:03.662+0000] {dag.py:3096} INFO - Sync 1 DAGs
[2024-07-03T18:20:03.680+0000] {logging_mixin.py:188} INFO - [2024-07-03T18:20:03.680+0000] {dag.py:3954} INFO - Setting next_dagrun for csv_to_postgres3 to None, run_after=None
[2024-07-03T18:20:03.714+0000] {processor.py:183} INFO - Processing /opt/airflow/dags/csv_to_postgres3.py took 0.398 seconds
[2024-07-03T18:20:33.977+0000] {processor.py:161} INFO - Started process (PID=604) to work on /opt/airflow/dags/csv_to_postgres3.py
[2024-07-03T18:20:33.978+0000] {processor.py:830} INFO - Processing file /opt/airflow/dags/csv_to_postgres3.py for tasks to queue
[2024-07-03T18:20:33.980+0000] {logging_mixin.py:188} INFO - [2024-07-03T18:20:33.980+0000] {dagbag.py:545} INFO - Filling up the DagBag from /opt/airflow/dags/csv_to_postgres3.py
[2024-07-03T18:20:34.296+0000] {processor.py:840} INFO - DAG(s) 'csv_to_postgres3' retrieved from /opt/airflow/dags/csv_to_postgres3.py
[2024-07-03T18:20:34.319+0000] {logging_mixin.py:188} INFO - [2024-07-03T18:20:34.319+0000] {dag.py:3096} INFO - Sync 1 DAGs
[2024-07-03T18:20:34.329+0000] {logging_mixin.py:188} INFO - [2024-07-03T18:20:34.328+0000] {dag.py:3954} INFO - Setting next_dagrun for csv_to_postgres3 to None, run_after=None
[2024-07-03T18:20:34.347+0000] {processor.py:183} INFO - Processing /opt/airflow/dags/csv_to_postgres3.py took 0.380 seconds
[2024-07-03T18:21:04.571+0000] {processor.py:161} INFO - Started process (PID=612) to work on /opt/airflow/dags/csv_to_postgres3.py
[2024-07-03T18:21:04.574+0000] {processor.py:830} INFO - Processing file /opt/airflow/dags/csv_to_postgres3.py for tasks to queue
[2024-07-03T18:21:04.576+0000] {logging_mixin.py:188} INFO - [2024-07-03T18:21:04.575+0000] {dagbag.py:545} INFO - Filling up the DagBag from /opt/airflow/dags/csv_to_postgres3.py
[2024-07-03T18:21:04.923+0000] {processor.py:840} INFO - DAG(s) 'csv_to_postgres3' retrieved from /opt/airflow/dags/csv_to_postgres3.py
[2024-07-03T18:21:04.945+0000] {logging_mixin.py:188} INFO - [2024-07-03T18:21:04.945+0000] {dag.py:3096} INFO - Sync 1 DAGs
[2024-07-03T18:21:04.956+0000] {logging_mixin.py:188} INFO - [2024-07-03T18:21:04.956+0000] {dag.py:3954} INFO - Setting next_dagrun for csv_to_postgres3 to None, run_after=None
[2024-07-03T18:21:04.989+0000] {processor.py:183} INFO - Processing /opt/airflow/dags/csv_to_postgres3.py took 0.430 seconds
[2024-07-03T18:21:35.237+0000] {processor.py:161} INFO - Started process (PID=620) to work on /opt/airflow/dags/csv_to_postgres3.py
[2024-07-03T18:21:35.239+0000] {processor.py:830} INFO - Processing file /opt/airflow/dags/csv_to_postgres3.py for tasks to queue
[2024-07-03T18:21:35.241+0000] {logging_mixin.py:188} INFO - [2024-07-03T18:21:35.241+0000] {dagbag.py:545} INFO - Filling up the DagBag from /opt/airflow/dags/csv_to_postgres3.py
[2024-07-03T18:21:35.567+0000] {processor.py:840} INFO - DAG(s) 'csv_to_postgres3' retrieved from /opt/airflow/dags/csv_to_postgres3.py
[2024-07-03T18:21:35.587+0000] {logging_mixin.py:188} INFO - [2024-07-03T18:21:35.587+0000] {dag.py:3096} INFO - Sync 1 DAGs
[2024-07-03T18:21:35.595+0000] {logging_mixin.py:188} INFO - [2024-07-03T18:21:35.595+0000] {dag.py:3954} INFO - Setting next_dagrun for csv_to_postgres3 to None, run_after=None
[2024-07-03T18:21:35.621+0000] {processor.py:183} INFO - Processing /opt/airflow/dags/csv_to_postgres3.py took 0.396 seconds
[2024-07-03T18:22:05.849+0000] {processor.py:161} INFO - Started process (PID=628) to work on /opt/airflow/dags/csv_to_postgres3.py
[2024-07-03T18:22:05.851+0000] {processor.py:830} INFO - Processing file /opt/airflow/dags/csv_to_postgres3.py for tasks to queue
[2024-07-03T18:22:05.852+0000] {logging_mixin.py:188} INFO - [2024-07-03T18:22:05.852+0000] {dagbag.py:545} INFO - Filling up the DagBag from /opt/airflow/dags/csv_to_postgres3.py
[2024-07-03T18:22:06.173+0000] {processor.py:840} INFO - DAG(s) 'csv_to_postgres3' retrieved from /opt/airflow/dags/csv_to_postgres3.py
[2024-07-03T18:22:06.190+0000] {logging_mixin.py:188} INFO - [2024-07-03T18:22:06.189+0000] {dag.py:3096} INFO - Sync 1 DAGs
[2024-07-03T18:22:06.196+0000] {logging_mixin.py:188} INFO - [2024-07-03T18:22:06.196+0000] {dag.py:3954} INFO - Setting next_dagrun for csv_to_postgres3 to None, run_after=None
[2024-07-03T18:22:06.212+0000] {processor.py:183} INFO - Processing /opt/airflow/dags/csv_to_postgres3.py took 0.372 seconds
[2024-07-03T18:22:36.448+0000] {processor.py:161} INFO - Started process (PID=635) to work on /opt/airflow/dags/csv_to_postgres3.py
[2024-07-03T18:22:36.450+0000] {processor.py:830} INFO - Processing file /opt/airflow/dags/csv_to_postgres3.py for tasks to queue
[2024-07-03T18:22:36.452+0000] {logging_mixin.py:188} INFO - [2024-07-03T18:22:36.452+0000] {dagbag.py:545} INFO - Filling up the DagBag from /opt/airflow/dags/csv_to_postgres3.py
[2024-07-03T18:22:36.762+0000] {processor.py:840} INFO - DAG(s) 'csv_to_postgres3' retrieved from /opt/airflow/dags/csv_to_postgres3.py
[2024-07-03T18:22:36.788+0000] {logging_mixin.py:188} INFO - [2024-07-03T18:22:36.788+0000] {dag.py:3096} INFO - Sync 1 DAGs
[2024-07-03T18:22:36.803+0000] {logging_mixin.py:188} INFO - [2024-07-03T18:22:36.803+0000] {dag.py:3954} INFO - Setting next_dagrun for csv_to_postgres3 to None, run_after=None
[2024-07-03T18:22:36.835+0000] {processor.py:183} INFO - Processing /opt/airflow/dags/csv_to_postgres3.py took 0.401 seconds
