[2024-07-03T20:33:01.388+0000] {local_task_job_runner.py:120} INFO - ::group::Pre task execution logs
[2024-07-03T20:33:01.408+0000] {taskinstance.py:2076} INFO - Dependencies all met for dep_context=non-requeueable deps ti=<TaskInstance: csv_to_postgres.load_csvs_to_postgres scheduled__2024-07-03T20:32:00+00:00 [queued]>
[2024-07-03T20:33:01.418+0000] {taskinstance.py:2076} INFO - Dependencies all met for dep_context=requeueable deps ti=<TaskInstance: csv_to_postgres.load_csvs_to_postgres scheduled__2024-07-03T20:32:00+00:00 [queued]>
[2024-07-03T20:33:01.419+0000] {taskinstance.py:2306} INFO - Starting attempt 1 of 1
[2024-07-03T20:33:01.440+0000] {taskinstance.py:2330} INFO - Executing <Task(PythonOperator): load_csvs_to_postgres> on 2024-07-03 20:32:00+00:00
[2024-07-03T20:33:01.445+0000] {warnings.py:112} WARNING - /home/***/.local/lib/python3.12/site-packages/***/task/task_runner/standard_task_runner.py:61: DeprecationWarning: This process (pid=125) is multi-threaded, use of fork() may lead to deadlocks in the child.
  pid = os.fork()

[2024-07-03T20:33:01.447+0000] {standard_task_runner.py:63} INFO - Started process 127 to run task
[2024-07-03T20:33:01.447+0000] {standard_task_runner.py:90} INFO - Running: ['***', 'tasks', 'run', 'csv_to_postgres', 'load_csvs_to_postgres', 'scheduled__2024-07-03T20:32:00+00:00', '--job-id', '97', '--raw', '--subdir', 'DAGS_FOLDER/csv_to_postgres.py', '--cfg-path', '/tmp/tmp5_chig9t']
[2024-07-03T20:33:01.451+0000] {standard_task_runner.py:91} INFO - Job 97: Subtask load_csvs_to_postgres
[2024-07-03T20:33:01.531+0000] {task_command.py:426} INFO - Running <TaskInstance: csv_to_postgres.load_csvs_to_postgres scheduled__2024-07-03T20:32:00+00:00 [running]> on host 9dffc1d7579f
[2024-07-03T20:33:01.699+0000] {taskinstance.py:2648} INFO - Exporting env vars: AIRFLOW_CTX_DAG_OWNER='***' AIRFLOW_CTX_DAG_ID='csv_to_postgres' AIRFLOW_CTX_TASK_ID='load_csvs_to_postgres' AIRFLOW_CTX_EXECUTION_DATE='2024-07-03T20:32:00+00:00' AIRFLOW_CTX_TRY_NUMBER='1' AIRFLOW_CTX_DAG_RUN_ID='scheduled__2024-07-03T20:32:00+00:00'
[2024-07-03T20:33:01.701+0000] {taskinstance.py:430} INFO - ::endgroup::
[2024-07-03T20:33:01.754+0000] {base.py:84} INFO - Using connection ID 'postgres_destino' for task execution.
[2024-07-03T20:33:01.772+0000] {sql.py:487} INFO - Running statement: TRUNCATE TABLE order_details, parameters: None
[2024-07-03T20:33:01.877+0000] {base.py:84} INFO - Using connection ID 'postgres_destino' for task execution.
[2024-07-03T20:33:01.985+0000] {base.py:84} INFO - Using connection ID 'postgres_destino' for task execution.
[2024-07-03T20:33:01.999+0000] {sql.py:487} INFO - Running statement: TRUNCATE TABLE employee_territories, parameters: None
[2024-07-03T20:33:02.026+0000] {base.py:84} INFO - Using connection ID 'postgres_destino' for task execution.
[2024-07-03T20:33:02.055+0000] {base.py:84} INFO - Using connection ID 'postgres_destino' for task execution.
[2024-07-03T20:33:02.067+0000] {sql.py:487} INFO - Running statement: TRUNCATE TABLE orders, parameters: None
[2024-07-03T20:33:02.100+0000] {base.py:84} INFO - Using connection ID 'postgres_destino' for task execution.
[2024-07-03T20:33:02.132+0000] {base.py:84} INFO - Using connection ID 'postgres_destino' for task execution.
[2024-07-03T20:33:02.143+0000] {sql.py:487} INFO - Running statement: TRUNCATE TABLE customers, parameters: None
[2024-07-03T20:33:02.164+0000] {base.py:84} INFO - Using connection ID 'postgres_destino' for task execution.
[2024-07-03T20:33:02.189+0000] {base.py:84} INFO - Using connection ID 'postgres_destino' for task execution.
[2024-07-03T20:33:02.198+0000] {sql.py:487} INFO - Running statement: TRUNCATE TABLE products, parameters: None
[2024-07-03T20:33:02.216+0000] {base.py:84} INFO - Using connection ID 'postgres_destino' for task execution.
[2024-07-03T20:33:02.241+0000] {base.py:84} INFO - Using connection ID 'postgres_destino' for task execution.
[2024-07-03T20:33:02.252+0000] {sql.py:487} INFO - Running statement: TRUNCATE TABLE shippers, parameters: None
[2024-07-03T20:33:02.268+0000] {base.py:84} INFO - Using connection ID 'postgres_destino' for task execution.
[2024-07-03T20:33:02.293+0000] {base.py:84} INFO - Using connection ID 'postgres_destino' for task execution.
[2024-07-03T20:33:02.301+0000] {sql.py:487} INFO - Running statement: TRUNCATE TABLE suppliers, parameters: None
[2024-07-03T20:33:02.321+0000] {base.py:84} INFO - Using connection ID 'postgres_destino' for task execution.
[2024-07-03T20:33:02.343+0000] {base.py:84} INFO - Using connection ID 'postgres_destino' for task execution.
[2024-07-03T20:33:02.353+0000] {sql.py:487} INFO - Running statement: TRUNCATE TABLE territories, parameters: None
[2024-07-03T20:33:02.372+0000] {base.py:84} INFO - Using connection ID 'postgres_destino' for task execution.
[2024-07-03T20:33:02.395+0000] {base.py:84} INFO - Using connection ID 'postgres_destino' for task execution.
[2024-07-03T20:33:02.405+0000] {sql.py:487} INFO - Running statement: TRUNCATE TABLE us_states, parameters: None
[2024-07-03T20:33:02.421+0000] {base.py:84} INFO - Using connection ID 'postgres_destino' for task execution.
[2024-07-03T20:33:02.443+0000] {base.py:84} INFO - Using connection ID 'postgres_destino' for task execution.
[2024-07-03T20:33:02.453+0000] {sql.py:487} INFO - Running statement: TRUNCATE TABLE categories, parameters: None
[2024-07-03T20:33:02.475+0000] {base.py:84} INFO - Using connection ID 'postgres_destino' for task execution.
[2024-07-03T20:33:02.500+0000] {base.py:84} INFO - Using connection ID 'postgres_destino' for task execution.
[2024-07-03T20:33:02.511+0000] {sql.py:487} INFO - Running statement: TRUNCATE TABLE region, parameters: None
[2024-07-03T20:33:02.532+0000] {base.py:84} INFO - Using connection ID 'postgres_destino' for task execution.
[2024-07-03T20:33:02.557+0000] {base.py:84} INFO - Using connection ID 'postgres_destino' for task execution.
[2024-07-03T20:33:02.567+0000] {sql.py:487} INFO - Running statement: TRUNCATE TABLE employees, parameters: None
[2024-07-03T20:33:02.591+0000] {base.py:84} INFO - Using connection ID 'postgres_destino' for task execution.
[2024-07-03T20:33:02.607+0000] {python.py:237} INFO - Done. Returned value was: None
[2024-07-03T20:33:02.608+0000] {taskinstance.py:441} INFO - ::group::Post task execution logs
[2024-07-03T20:33:02.622+0000] {taskinstance.py:1206} INFO - Marking task as SUCCESS. dag_id=csv_to_postgres, task_id=load_csvs_to_postgres, run_id=scheduled__2024-07-03T20:32:00+00:00, execution_date=20240703T203200, start_date=20240703T203301, end_date=20240703T203302
[2024-07-03T20:33:02.654+0000] {local_task_job_runner.py:240} INFO - Task exited with return code 0
[2024-07-03T20:33:02.680+0000] {taskinstance.py:3503} INFO - 0 downstream tasks scheduled from follow-on schedule check
[2024-07-03T20:33:02.683+0000] {local_task_job_runner.py:222} INFO - ::endgroup::
