[2024-07-03T15:19:33.764+0000] {local_task_job_runner.py:120} INFO - ::group::Pre task execution logs
[2024-07-03T15:19:33.817+0000] {taskinstance.py:2076} INFO - Dependencies all met for dep_context=non-requeueable deps ti=<TaskInstance: csv_to_postgres2.load_csv_to_postgres manual__2024-07-03T15:19:30.457817+00:00 [queued]>
[2024-07-03T15:19:33.835+0000] {taskinstance.py:2076} INFO - Dependencies all met for dep_context=requeueable deps ti=<TaskInstance: csv_to_postgres2.load_csv_to_postgres manual__2024-07-03T15:19:30.457817+00:00 [queued]>
[2024-07-03T15:19:33.836+0000] {taskinstance.py:2306} INFO - Starting attempt 1 of 1
[2024-07-03T15:19:33.863+0000] {taskinstance.py:2330} INFO - Executing <Task(PythonOperator): load_csv_to_postgres> on 2024-07-03 15:19:30.457817+00:00
[2024-07-03T15:19:33.871+0000] {warnings.py:112} WARNING - /home/***/.local/lib/python3.12/site-packages/***/task/task_runner/standard_task_runner.py:61: DeprecationWarning: This process (pid=170) is multi-threaded, use of fork() may lead to deadlocks in the child.
  pid = os.fork()

[2024-07-03T15:19:33.872+0000] {standard_task_runner.py:63} INFO - Started process 172 to run task
[2024-07-03T15:19:33.876+0000] {standard_task_runner.py:90} INFO - Running: ['***', 'tasks', 'run', 'csv_to_postgres2', 'load_csv_to_postgres', 'manual__2024-07-03T15:19:30.457817+00:00', '--job-id', '55', '--raw', '--subdir', 'DAGS_FOLDER/csv_to_postgres2.py', '--cfg-path', '/tmp/tmpi7xtjmp9']
[2024-07-03T15:19:33.879+0000] {standard_task_runner.py:91} INFO - Job 55: Subtask load_csv_to_postgres
[2024-07-03T15:19:33.957+0000] {task_command.py:426} INFO - Running <TaskInstance: csv_to_postgres2.load_csv_to_postgres manual__2024-07-03T15:19:30.457817+00:00 [running]> on host ee2e4039efab
[2024-07-03T15:19:34.149+0000] {taskinstance.py:2648} INFO - Exporting env vars: AIRFLOW_CTX_DAG_OWNER='***' AIRFLOW_CTX_DAG_ID='csv_to_postgres2' AIRFLOW_CTX_TASK_ID='load_csv_to_postgres' AIRFLOW_CTX_EXECUTION_DATE='2024-07-03T15:19:30.457817+00:00' AIRFLOW_CTX_TRY_NUMBER='1' AIRFLOW_CTX_DAG_RUN_ID='manual__2024-07-03T15:19:30.457817+00:00'
[2024-07-03T15:19:34.153+0000] {taskinstance.py:430} INFO - ::endgroup::
[2024-07-03T15:19:34.210+0000] {base.py:84} INFO - Using connection ID 'postgres_destino' for task execution.
[2024-07-03T15:19:34.265+0000] {base.py:84} INFO - Using connection ID 'postgres_destino' for task execution.
[2024-07-03T15:19:34.294+0000] {sql.py:598} INFO - Loaded 7 rows into categories so far
[2024-07-03T15:19:34.296+0000] {sql.py:611} INFO - Done loading. Loaded a total of 7 rows into categories
[2024-07-03T15:19:34.298+0000] {python.py:237} INFO - Done. Returned value was: None
[2024-07-03T15:19:34.299+0000] {taskinstance.py:441} INFO - ::group::Post task execution logs
[2024-07-03T15:19:34.327+0000] {taskinstance.py:1206} INFO - Marking task as SUCCESS. dag_id=csv_to_postgres2, task_id=load_csv_to_postgres, run_id=manual__2024-07-03T15:19:30.457817+00:00, execution_date=20240703T151930, start_date=20240703T151933, end_date=20240703T151934
[2024-07-03T15:19:34.383+0000] {local_task_job_runner.py:240} INFO - Task exited with return code 0
[2024-07-03T15:19:34.424+0000] {taskinstance.py:3503} INFO - 0 downstream tasks scheduled from follow-on schedule check
[2024-07-03T15:19:34.428+0000] {local_task_job_runner.py:222} INFO - ::endgroup::
