[2024-07-03T18:32:57.479+0000] {local_task_job_runner.py:120} INFO - ::group::Pre task execution logs
[2024-07-03T18:32:57.496+0000] {taskinstance.py:2076} INFO - Dependencies all met for dep_context=non-requeueable deps ti=<TaskInstance: csv_to_postgres.load_csvs_to_postgres manual__2024-07-03T18:32:55.853662+00:00 [queued]>
[2024-07-03T18:32:57.502+0000] {taskinstance.py:2076} INFO - Dependencies all met for dep_context=requeueable deps ti=<TaskInstance: csv_to_postgres.load_csvs_to_postgres manual__2024-07-03T18:32:55.853662+00:00 [queued]>
[2024-07-03T18:32:57.502+0000] {taskinstance.py:2306} INFO - Starting attempt 1 of 1
[2024-07-03T18:32:57.516+0000] {taskinstance.py:2330} INFO - Executing <Task(PythonOperator): load_csvs_to_postgres> on 2024-07-03 18:32:55.853662+00:00
[2024-07-03T18:32:57.521+0000] {warnings.py:112} WARNING - /home/***/.local/lib/python3.12/site-packages/***/task/task_runner/standard_task_runner.py:61: DeprecationWarning: This process (pid=183) is multi-threaded, use of fork() may lead to deadlocks in the child.
  pid = os.fork()

[2024-07-03T18:32:57.522+0000] {standard_task_runner.py:63} INFO - Started process 185 to run task
[2024-07-03T18:32:57.522+0000] {standard_task_runner.py:90} INFO - Running: ['***', 'tasks', 'run', 'csv_to_postgres', 'load_csvs_to_postgres', 'manual__2024-07-03T18:32:55.853662+00:00', '--job-id', '83', '--raw', '--subdir', 'DAGS_FOLDER/csv_to_postgres.py', '--cfg-path', '/tmp/tmp0s5y0fmf']
[2024-07-03T18:32:57.525+0000] {standard_task_runner.py:91} INFO - Job 83: Subtask load_csvs_to_postgres
[2024-07-03T18:32:57.593+0000] {task_command.py:426} INFO - Running <TaskInstance: csv_to_postgres.load_csvs_to_postgres manual__2024-07-03T18:32:55.853662+00:00 [running]> on host 9dffc1d7579f
[2024-07-03T18:32:57.780+0000] {taskinstance.py:2648} INFO - Exporting env vars: AIRFLOW_CTX_DAG_OWNER='***' AIRFLOW_CTX_DAG_ID='csv_to_postgres' AIRFLOW_CTX_TASK_ID='load_csvs_to_postgres' AIRFLOW_CTX_EXECUTION_DATE='2024-07-03T18:32:55.853662+00:00' AIRFLOW_CTX_TRY_NUMBER='1' AIRFLOW_CTX_DAG_RUN_ID='manual__2024-07-03T18:32:55.853662+00:00'
[2024-07-03T18:32:57.782+0000] {taskinstance.py:430} INFO - ::endgroup::
[2024-07-03T18:32:57.842+0000] {base.py:84} INFO - Using connection ID 'postgres_destino' for task execution.
[2024-07-03T18:32:57.863+0000] {sql.py:487} INFO - Running statement: TRUNCATE TABLE employee_territories, parameters: None
[2024-07-03T18:32:57.901+0000] {base.py:84} INFO - Using connection ID 'postgres_destino' for task execution.
[2024-07-03T18:32:57.935+0000] {base.py:84} INFO - Using connection ID 'postgres_destino' for task execution.
[2024-07-03T18:32:57.954+0000] {sql.py:487} INFO - Running statement: TRUNCATE TABLE orders, parameters: None
[2024-07-03T18:32:58.003+0000] {base.py:84} INFO - Using connection ID 'postgres_destino' for task execution.
[2024-07-03T18:32:58.058+0000] {base.py:84} INFO - Using connection ID 'postgres_destino' for task execution.
[2024-07-03T18:32:58.074+0000] {sql.py:487} INFO - Running statement: TRUNCATE TABLE order_details, parameters: None
[2024-07-03T18:32:58.108+0000] {base.py:84} INFO - Using connection ID 'postgres_destino' for task execution.
[2024-07-03T18:32:58.153+0000] {base.py:84} INFO - Using connection ID 'postgres_destino' for task execution.
[2024-07-03T18:32:58.168+0000] {sql.py:487} INFO - Running statement: TRUNCATE TABLE customers, parameters: None
[2024-07-03T18:32:58.199+0000] {base.py:84} INFO - Using connection ID 'postgres_destino' for task execution.
[2024-07-03T18:32:58.235+0000] {base.py:84} INFO - Using connection ID 'postgres_destino' for task execution.
[2024-07-03T18:32:58.252+0000] {sql.py:487} INFO - Running statement: TRUNCATE TABLE products, parameters: None
[2024-07-03T18:32:58.279+0000] {base.py:84} INFO - Using connection ID 'postgres_destino' for task execution.
[2024-07-03T18:32:58.311+0000] {base.py:84} INFO - Using connection ID 'postgres_destino' for task execution.
[2024-07-03T18:32:58.326+0000] {sql.py:487} INFO - Running statement: TRUNCATE TABLE shippers, parameters: None
[2024-07-03T18:32:58.346+0000] {base.py:84} INFO - Using connection ID 'postgres_destino' for task execution.
[2024-07-03T18:32:58.405+0000] {base.py:84} INFO - Using connection ID 'postgres_destino' for task execution.
[2024-07-03T18:32:58.424+0000] {sql.py:487} INFO - Running statement: TRUNCATE TABLE suppliers, parameters: None
[2024-07-03T18:32:58.455+0000] {base.py:84} INFO - Using connection ID 'postgres_destino' for task execution.
[2024-07-03T18:32:58.483+0000] {base.py:84} INFO - Using connection ID 'postgres_destino' for task execution.
[2024-07-03T18:32:58.492+0000] {sql.py:487} INFO - Running statement: TRUNCATE TABLE territories, parameters: None
[2024-07-03T18:32:58.511+0000] {base.py:84} INFO - Using connection ID 'postgres_destino' for task execution.
[2024-07-03T18:32:58.534+0000] {base.py:84} INFO - Using connection ID 'postgres_destino' for task execution.
[2024-07-03T18:32:58.543+0000] {sql.py:487} INFO - Running statement: TRUNCATE TABLE us_states, parameters: None
[2024-07-03T18:32:58.567+0000] {base.py:84} INFO - Using connection ID 'postgres_destino' for task execution.
[2024-07-03T18:32:58.588+0000] {base.py:84} INFO - Using connection ID 'postgres_destino' for task execution.
[2024-07-03T18:32:58.596+0000] {sql.py:487} INFO - Running statement: TRUNCATE TABLE categories, parameters: None
[2024-07-03T18:32:58.623+0000] {base.py:84} INFO - Using connection ID 'postgres_destino' for task execution.
[2024-07-03T18:32:58.656+0000] {base.py:84} INFO - Using connection ID 'postgres_destino' for task execution.
[2024-07-03T18:32:58.671+0000] {sql.py:487} INFO - Running statement: TRUNCATE TABLE region, parameters: None
[2024-07-03T18:32:58.703+0000] {base.py:84} INFO - Using connection ID 'postgres_destino' for task execution.
[2024-07-03T18:32:58.735+0000] {base.py:84} INFO - Using connection ID 'postgres_destino' for task execution.
[2024-07-03T18:32:58.749+0000] {sql.py:487} INFO - Running statement: TRUNCATE TABLE employees, parameters: None
[2024-07-03T18:32:58.778+0000] {base.py:84} INFO - Using connection ID 'postgres_destino' for task execution.
[2024-07-03T18:32:58.804+0000] {python.py:237} INFO - Done. Returned value was: None
[2024-07-03T18:32:58.805+0000] {taskinstance.py:441} INFO - ::group::Post task execution logs
[2024-07-03T18:32:58.822+0000] {taskinstance.py:1206} INFO - Marking task as SUCCESS. dag_id=csv_to_postgres, task_id=load_csvs_to_postgres, run_id=manual__2024-07-03T18:32:55.853662+00:00, execution_date=20240703T183255, start_date=20240703T183257, end_date=20240703T183258
[2024-07-03T18:32:58.851+0000] {local_task_job_runner.py:240} INFO - Task exited with return code 0
[2024-07-03T18:32:58.878+0000] {local_task_job_runner.py:222} INFO - ::endgroup::
